[debug] [2022-05-12T19:55:27.263Z] ----------------------------------------------------------------------
[debug] [2022-05-12T19:55:27.264Z] Command:       /usr/local/bin/node /usr/local/bin/firebase deploy
[debug] [2022-05-12T19:55:27.264Z] CLI Version:   10.9.2
[debug] [2022-05-12T19:55:27.265Z] Platform:      darwin
[debug] [2022-05-12T19:55:27.265Z] Node Version:  v16.13.2
[debug] [2022-05-12T19:55:27.268Z] Time:          Thu May 12 2022 15:55:27 GMT-0400 (Eastern Daylight Time)
[debug] [2022-05-12T19:55:27.268Z] ----------------------------------------------------------------------
[debug] 
[debug] [2022-05-12T19:55:27.316Z] > command requires scopes: ["email","openid","https://www.googleapis.com/auth/cloudplatformprojects.readonly","https://www.googleapis.com/auth/firebase","https://www.googleapis.com/auth/cloud-platform"]
[debug] [2022-05-12T19:55:27.316Z] > authorizing via signed-in user (parizeaujj@gmail.com)
[debug] [2022-05-12T19:55:27.316Z] [iam] checking project family-chat-app-48 for permissions ["cloudfunctions.functions.create","cloudfunctions.functions.delete","cloudfunctions.functions.get","cloudfunctions.functions.list","cloudfunctions.functions.update","cloudfunctions.operations.get","datastore.indexes.create","datastore.indexes.delete","datastore.indexes.list","datastore.indexes.update","firebase.projects.get"]
[debug] [2022-05-12T19:55:27.318Z] >>> [apiv2][query] POST https://cloudresourcemanager.googleapis.com/v1/projects/family-chat-app-48:testIamPermissions [none]
[debug] [2022-05-12T19:55:27.318Z] >>> [apiv2][body] POST https://cloudresourcemanager.googleapis.com/v1/projects/family-chat-app-48:testIamPermissions {"permissions":["cloudfunctions.functions.create","cloudfunctions.functions.delete","cloudfunctions.functions.get","cloudfunctions.functions.list","cloudfunctions.functions.update","cloudfunctions.operations.get","datastore.indexes.create","datastore.indexes.delete","datastore.indexes.list","datastore.indexes.update","firebase.projects.get"]}
[debug] [2022-05-12T19:55:27.488Z] <<< [apiv2][status] POST https://cloudresourcemanager.googleapis.com/v1/projects/family-chat-app-48:testIamPermissions 200
[debug] [2022-05-12T19:55:27.488Z] <<< [apiv2][body] POST https://cloudresourcemanager.googleapis.com/v1/projects/family-chat-app-48:testIamPermissions {"permissions":["cloudfunctions.functions.create","cloudfunctions.functions.delete","cloudfunctions.functions.get","cloudfunctions.functions.list","cloudfunctions.functions.update","cloudfunctions.operations.get","datastore.indexes.create","datastore.indexes.delete","datastore.indexes.list","datastore.indexes.update","firebase.projects.get"]}
[debug] [2022-05-12T19:55:27.488Z] >>> [apiv2][query] POST https://iam.googleapis.com/v1/projects/family-chat-app-48/serviceAccounts/family-chat-app-48@appspot.gserviceaccount.com:testIamPermissions [none]
[debug] [2022-05-12T19:55:27.488Z] >>> [apiv2][body] POST https://iam.googleapis.com/v1/projects/family-chat-app-48/serviceAccounts/family-chat-app-48@appspot.gserviceaccount.com:testIamPermissions {"permissions":["iam.serviceAccounts.actAs"]}
[debug] [2022-05-12T19:55:27.640Z] <<< [apiv2][status] POST https://iam.googleapis.com/v1/projects/family-chat-app-48/serviceAccounts/family-chat-app-48@appspot.gserviceaccount.com:testIamPermissions 200
[debug] [2022-05-12T19:55:27.640Z] <<< [apiv2][body] POST https://iam.googleapis.com/v1/projects/family-chat-app-48/serviceAccounts/family-chat-app-48@appspot.gserviceaccount.com:testIamPermissions {"permissions":["iam.serviceAccounts.actAs"]}
[info] 
[info] === Deploying to 'family-chat-app-48'...
[info] 
[info] i  deploying firestore, functions 
[info] i  firestore: reading indexes from firestore.indexes.json... 
[info] i  cloud.firestore: checking firestore.rules for compilation errors... 
[debug] [2022-05-12T19:55:27.645Z] >>> [apiv2][query] POST https://firebaserules.googleapis.com/v1/projects/family-chat-app-48:test [none]
[debug] [2022-05-12T19:55:27.645Z] >>> [apiv2][body] POST https://firebaserules.googleapis.com/v1/projects/family-chat-app-48:test [omitted]
[debug] [2022-05-12T19:55:27.888Z] <<< [apiv2][status] POST https://firebaserules.googleapis.com/v1/projects/family-chat-app-48:test 200
[debug] [2022-05-12T19:55:27.888Z] <<< [apiv2][body] POST https://firebaserules.googleapis.com/v1/projects/family-chat-app-48:test {"issues":[{"sourcePosition":{"fileName":"firestore.rules"},"description":"Ruleset uses old version (version [1]). Please update to the latest version (version [2]).","severity":"WARNING"}]}
[warn] ⚠  [W] undefined:undefined - Ruleset uses old version (version [1]). Please update to the latest version (version [2]). 
[info] ✔  cloud.firestore: rules file firestore.rules compiled successfully 
[debug] [2022-05-12T19:55:27.891Z] >>> [apiv2][query] GET https://firebase.googleapis.com/v1beta1/projects/family-chat-app-48 [none]
[debug] [2022-05-12T19:55:28.092Z] <<< [apiv2][status] GET https://firebase.googleapis.com/v1beta1/projects/family-chat-app-48 200
[debug] [2022-05-12T19:55:28.092Z] <<< [apiv2][body] GET https://firebase.googleapis.com/v1beta1/projects/family-chat-app-48 {"projectId":"family-chat-app-48","projectNumber":"405199979051","displayName":"Family Chat App","name":"projects/family-chat-app-48","resources":{"hostingSite":"family-chat-app-48","storageBucket":"family-chat-app-48.appspot.com","locationId":"us-east1"},"state":"ACTIVE"}
[info] i  functions: ensuring required API cloudfunctions.googleapis.com is enabled... 
[info] i  functions: ensuring required API cloudbuild.googleapis.com is enabled... 
[debug] [2022-05-12T19:55:28.093Z] >>> [apiv2][query] GET https://serviceusage.googleapis.com/v1/projects/family-chat-app-48/services/cloudfunctions.googleapis.com [none]
[debug] [2022-05-12T19:55:28.094Z] >>> [apiv2][query] GET https://serviceusage.googleapis.com/v1/projects/family-chat-app-48/services/runtimeconfig.googleapis.com [none]
[debug] [2022-05-12T19:55:28.094Z] >>> [apiv2][query] GET https://serviceusage.googleapis.com/v1/projects/family-chat-app-48/services/cloudbuild.googleapis.com [none]
[debug] [2022-05-12T19:55:28.095Z] >>> [apiv2][query] GET https://serviceusage.googleapis.com/v1/projects/family-chat-app-48/services/artifactregistry.googleapis.com [none]
[debug] [2022-05-12T19:55:28.551Z] <<< [apiv2][status] GET https://serviceusage.googleapis.com/v1/projects/family-chat-app-48/services/runtimeconfig.googleapis.com 200
[debug] [2022-05-12T19:55:28.551Z] <<< [apiv2][body] GET https://serviceusage.googleapis.com/v1/projects/family-chat-app-48/services/runtimeconfig.googleapis.com [omitted]
[debug] [2022-05-12T19:55:28.552Z] <<< [apiv2][status] GET https://serviceusage.googleapis.com/v1/projects/family-chat-app-48/services/cloudfunctions.googleapis.com 200
[debug] [2022-05-12T19:55:28.552Z] <<< [apiv2][body] GET https://serviceusage.googleapis.com/v1/projects/family-chat-app-48/services/cloudfunctions.googleapis.com [omitted]
[info] ✔  functions: required API cloudfunctions.googleapis.com is enabled 
[debug] [2022-05-12T19:55:28.553Z] <<< [apiv2][status] GET https://serviceusage.googleapis.com/v1/projects/family-chat-app-48/services/artifactregistry.googleapis.com 200
[debug] [2022-05-12T19:55:28.553Z] <<< [apiv2][body] GET https://serviceusage.googleapis.com/v1/projects/family-chat-app-48/services/artifactregistry.googleapis.com [omitted]
[debug] [2022-05-12T19:55:28.554Z] <<< [apiv2][status] GET https://serviceusage.googleapis.com/v1/projects/family-chat-app-48/services/cloudbuild.googleapis.com 200
[debug] [2022-05-12T19:55:28.554Z] <<< [apiv2][body] GET https://serviceusage.googleapis.com/v1/projects/family-chat-app-48/services/cloudbuild.googleapis.com [omitted]
[warn] ⚠  functions: missing required API cloudbuild.googleapis.com. Enabling now... 
[debug] [2022-05-12T19:55:28.554Z] >>> [apiv2][query] POST https://serviceusage.googleapis.com/v1/projects/family-chat-app-48/services/cloudbuild.googleapis.com:enable [none]
[debug] [2022-05-12T19:55:29.499Z] <<< [apiv2][status] POST https://serviceusage.googleapis.com/v1/projects/family-chat-app-48/services/cloudbuild.googleapis.com:enable 200
[debug] [2022-05-12T19:55:29.500Z] <<< [apiv2][body] POST https://serviceusage.googleapis.com/v1/projects/family-chat-app-48/services/cloudbuild.googleapis.com:enable [omitted]
[debug] [2022-05-12T19:55:39.502Z] >>> [apiv2][query] GET https://serviceusage.googleapis.com/v1/projects/family-chat-app-48/services/cloudbuild.googleapis.com [none]
[debug] [2022-05-12T19:55:39.914Z] <<< [apiv2][status] GET https://serviceusage.googleapis.com/v1/projects/family-chat-app-48/services/cloudbuild.googleapis.com 200
[debug] [2022-05-12T19:55:39.915Z] <<< [apiv2][body] GET https://serviceusage.googleapis.com/v1/projects/family-chat-app-48/services/cloudbuild.googleapis.com [omitted]
[info] ✔  functions: required API cloudbuild.googleapis.com is enabled 
[debug] [2022-05-12T19:55:39.919Z] >>> [apiv2][query] GET https://firebase.googleapis.com/v1beta1/projects/family-chat-app-48/adminSdkConfig [none]
[debug] [2022-05-12T19:55:40.189Z] <<< [apiv2][status] GET https://firebase.googleapis.com/v1beta1/projects/family-chat-app-48/adminSdkConfig 200
[debug] [2022-05-12T19:55:40.189Z] <<< [apiv2][body] GET https://firebase.googleapis.com/v1beta1/projects/family-chat-app-48/adminSdkConfig {"projectId":"family-chat-app-48","storageBucket":"family-chat-app-48.appspot.com","locationId":"us-east1"}
[debug] [2022-05-12T19:55:40.190Z] >>> [apiv2][query] GET https://runtimeconfig.googleapis.com/v1beta1/projects/family-chat-app-48/configs [none]
[debug] [2022-05-12T19:55:40.440Z] <<< [apiv2][status] GET https://runtimeconfig.googleapis.com/v1beta1/projects/family-chat-app-48/configs 200
[debug] [2022-05-12T19:55:40.441Z] <<< [apiv2][body] GET https://runtimeconfig.googleapis.com/v1beta1/projects/family-chat-app-48/configs {}
[info] i  functions: preparing codebase default for deployment 
[debug] [2022-05-12T19:55:40.444Z] Validating nodejs source
[warn] ⚠  functions: package.json indicates an outdated version of firebase-functions. Please upgrade using npm install --save firebase-functions@latest in your functions directory. 
[debug] [2022-05-12T19:55:41.227Z] > [functions] package.json contents: {
  "name": "functions",
  "description": "Cloud Functions for Firebase",
  "scripts": {
    "lint": "eslint .",
    "serve": "firebase emulators:start --only functions",
    "shell": "firebase functions:shell",
    "start": "npm run shell",
    "deploy": "firebase deploy --only functions",
    "logs": "firebase functions:log"
  },
  "engines": {
    "node": "16"
  },
  "main": "index.js",
  "dependencies": {
    "firebase-admin": "^10.2.0",
    "firebase-functions": "^3.18.0",
    "lint": "^0.7.0",
    "node-fetch": "^3.2.4"
  },
  "devDependencies": {
    "eslint": "^8.9.0",
    "eslint-config-google": "^0.14.0",
    "firebase-functions-test": "^0.2.0"
  },
  "private": true
}
[debug] [2022-05-12T19:55:41.227Z] Building nodejs source
[debug] [2022-05-12T19:55:41.227Z] Analyzing nodejs backend spec
[debug] [2022-05-12T19:55:41.227Z] Could not find functions.yaml. Must use http discovery
[debug] [2022-05-12T19:55:41.351Z] Serving at port 9005

[debug] [2022-05-12T19:55:41.430Z] Got response from /__/functions.yaml {"endpoints":{"sendPushNotification":{"platform":"gcfv1","httpsTrigger":{},"entryPoint":"sendPushNotification"}},"specVersion":"v1alpha1","requiredAPIs":[]}
[debug] [2022-05-12T19:55:41.433Z] shutdown requested via /__/quitquitquit

[info] i  functions: preparing functions directory for uploading... 
[info] i  functions: packaged /Users/jjparizeau/Documents/UCF/2022_Spring/SD2/signalClone/functions (96.95 KB) for uploading 
[debug] [2022-05-12T19:55:41.461Z] >>> [apiv2][query] GET https://cloudfunctions.googleapis.com/v1/projects/family-chat-app-48/locations/-/functions [none]
[debug] [2022-05-12T19:55:41.996Z] <<< [apiv2][status] GET https://cloudfunctions.googleapis.com/v1/projects/family-chat-app-48/locations/-/functions 200
[debug] [2022-05-12T19:55:41.997Z] <<< [apiv2][body] GET https://cloudfunctions.googleapis.com/v1/projects/family-chat-app-48/locations/-/functions {}
[debug] [2022-05-12T19:55:41.997Z] >>> [apiv2][query] GET https://cloudfunctions.googleapis.com/v2alpha/projects/family-chat-app-48/locations/-/functions [none]
[debug] [2022-05-12T19:55:42.675Z] <<< [apiv2][status] GET https://cloudfunctions.googleapis.com/v2alpha/projects/family-chat-app-48/locations/-/functions 200
[debug] [2022-05-12T19:55:42.675Z] <<< [apiv2][body] GET https://cloudfunctions.googleapis.com/v2alpha/projects/family-chat-app-48/locations/-/functions {}
[debug] [2022-05-12T19:55:42.681Z] >>> [apiv2][query] GET https://firebase.googleapis.com/v1beta1/projects/family-chat-app-48 [none]
[debug] [2022-05-12T19:55:42.855Z] <<< [apiv2][status] GET https://firebase.googleapis.com/v1beta1/projects/family-chat-app-48 200
[debug] [2022-05-12T19:55:42.855Z] <<< [apiv2][body] GET https://firebase.googleapis.com/v1beta1/projects/family-chat-app-48 {"projectId":"family-chat-app-48","projectNumber":"405199979051","displayName":"Family Chat App","name":"projects/family-chat-app-48","resources":{"hostingSite":"family-chat-app-48","storageBucket":"family-chat-app-48.appspot.com","locationId":"us-east1"},"state":"ACTIVE"}
[debug] [2022-05-12T19:55:42.859Z] > refreshing access token with scopes: ["email","https://www.googleapis.com/auth/cloud-platform","https://www.googleapis.com/auth/cloudplatformprojects.readonly","https://www.googleapis.com/auth/firebase","openid"]
[debug] [2022-05-12T19:55:42.859Z] >>> HTTP REQUEST POST https://www.googleapis.com/oauth2/v3/token  
 <request body omitted>
[debug] [2022-05-12T19:55:42.862Z] >>> [apiv2][query] GET https://firebaserules.googleapis.com/v1/projects/family-chat-app-48/releases pageSize=10&pageToken=
[debug] [2022-05-12T19:55:42.942Z] <<< HTTP RESPONSE 200 {"cache-control":"no-cache, no-store, max-age=0, must-revalidate","pragma":"no-cache","expires":"Mon, 01 Jan 1990 00:00:00 GMT","date":"Thu, 12 May 2022 19:55:42 GMT","content-type":"application/json; charset=utf-8","vary":"X-Origin, Referer, Origin,Accept-Encoding","server":"scaffolding on HTTPServer2","x-xss-protection":"0","x-frame-options":"SAMEORIGIN","x-content-type-options":"nosniff","alt-svc":"h3=\":443\"; ma=2592000,h3-29=\":443\"; ma=2592000,h3-Q050=\":443\"; ma=2592000,h3-Q046=\":443\"; ma=2592000,h3-Q043=\":443\"; ma=2592000,quic=\":443\"; ma=2592000; v=\"46,43\"","accept-ranges":"none","transfer-encoding":"chunked"}
[debug] [2022-05-12T19:55:42.988Z] >>> HTTP REQUEST GET https://firestore.googleapis.com/v1/projects/family-chat-app-48/databases/(default)/collectionGroups/-/indexes  
 
[debug] [2022-05-12T19:55:43.054Z] <<< [apiv2][status] GET https://firebaserules.googleapis.com/v1/projects/family-chat-app-48/releases 200
[debug] [2022-05-12T19:55:43.054Z] <<< [apiv2][body] GET https://firebaserules.googleapis.com/v1/projects/family-chat-app-48/releases {"releases":[{"name":"projects/family-chat-app-48/releases/cloud.firestore","rulesetName":"projects/family-chat-app-48/rulesets/4e1c9cf5-40f7-4d02-9fbf-8756c97eeab3","createTime":"2021-11-02T13:03:23.320670Z","updateTime":"2022-04-17T00:35:51.244281Z"},{"name":"projects/family-chat-app-48/releases/firebase.storage/family-chat-app-48.appspot.com","rulesetName":"projects/family-chat-app-48/rulesets/16aeb0eb-b5a8-466c-ab1f-62f03fcaf70b","createTime":"2021-11-02T13:03:13.701851Z","updateTime":"2021-11-02T13:03:13.701851Z"}]}
[debug] [2022-05-12T19:55:43.055Z] > refreshing access token with scopes: []
[debug] [2022-05-12T19:55:43.055Z] >>> HTTP REQUEST POST https://www.googleapis.com/oauth2/v3/token  
 <request body omitted>
[debug] [2022-05-12T19:55:43.133Z] <<< HTTP RESPONSE 200 {"date":"Thu, 12 May 2022 19:55:43 GMT","expires":"Mon, 01 Jan 1990 00:00:00 GMT","cache-control":"no-cache, no-store, max-age=0, must-revalidate","pragma":"no-cache","content-type":"application/json; charset=utf-8","vary":"X-Origin, Referer, Origin,Accept-Encoding","server":"scaffolding on HTTPServer2","x-xss-protection":"0","x-frame-options":"SAMEORIGIN","x-content-type-options":"nosniff","alt-svc":"h3=\":443\"; ma=2592000,h3-29=\":443\"; ma=2592000,h3-Q050=\":443\"; ma=2592000,h3-Q046=\":443\"; ma=2592000,h3-Q043=\":443\"; ma=2592000,quic=\":443\"; ma=2592000; v=\"46,43\"","accept-ranges":"none","transfer-encoding":"chunked"}
[debug] [2022-05-12T19:55:43.176Z] >>> [apiv2][query] GET https://firebaserules.googleapis.com/v1/projects/family-chat-app-48/rulesets/4e1c9cf5-40f7-4d02-9fbf-8756c97eeab3 [none]
[debug] [2022-05-12T19:55:43.208Z] <<< HTTP RESPONSE 200 {"content-type":"application/json; charset=UTF-8","vary":"X-Origin, Referer, Origin,Accept-Encoding","date":"Thu, 12 May 2022 19:55:43 GMT","server":"ESF","cache-control":"private","x-xss-protection":"0","x-frame-options":"SAMEORIGIN","x-content-type-options":"nosniff","alt-svc":"h3=\":443\"; ma=2592000,h3-29=\":443\"; ma=2592000,h3-Q050=\":443\"; ma=2592000,h3-Q046=\":443\"; ma=2592000,h3-Q043=\":443\"; ma=2592000,quic=\":443\"; ma=2592000; v=\"46,43\"","accept-ranges":"none","transfer-encoding":"chunked"}
[debug] [2022-05-12T19:55:43.210Z] > refreshing access token with scopes: ["email","https://www.googleapis.com/auth/cloud-platform","https://www.googleapis.com/auth/cloudplatformprojects.readonly","https://www.googleapis.com/auth/firebase","openid"]
[debug] [2022-05-12T19:55:43.210Z] >>> HTTP REQUEST POST https://www.googleapis.com/oauth2/v3/token  
 <request body omitted>
[debug] [2022-05-12T19:55:43.287Z] <<< HTTP RESPONSE 200 {"date":"Thu, 12 May 2022 19:55:43 GMT","expires":"Mon, 01 Jan 1990 00:00:00 GMT","cache-control":"no-cache, no-store, max-age=0, must-revalidate","pragma":"no-cache","content-type":"application/json; charset=utf-8","vary":"X-Origin, Referer, Origin,Accept-Encoding","server":"scaffolding on HTTPServer2","x-xss-protection":"0","x-frame-options":"SAMEORIGIN","x-content-type-options":"nosniff","alt-svc":"h3=\":443\"; ma=2592000,h3-29=\":443\"; ma=2592000,h3-Q050=\":443\"; ma=2592000,h3-Q046=\":443\"; ma=2592000,h3-Q043=\":443\"; ma=2592000,quic=\":443\"; ma=2592000; v=\"46,43\"","accept-ranges":"none","transfer-encoding":"chunked"}
[debug] [2022-05-12T19:55:43.330Z] >>> HTTP REQUEST GET https://firestore.googleapis.com/v1/projects/family-chat-app-48/databases/(default)/collectionGroups/-/fields?filter=indexConfig.usesAncestorConfig=false  
 
[debug] [2022-05-12T19:55:43.382Z] <<< [apiv2][status] GET https://firebaserules.googleapis.com/v1/projects/family-chat-app-48/rulesets/4e1c9cf5-40f7-4d02-9fbf-8756c97eeab3 200
[debug] [2022-05-12T19:55:43.382Z] <<< [apiv2][body] GET https://firebaserules.googleapis.com/v1/projects/family-chat-app-48/rulesets/4e1c9cf5-40f7-4d02-9fbf-8756c97eeab3 [omitted]
[info] i  firestore: latest version of firestore.rules already up to date, skipping upload... 
[debug] [2022-05-12T19:55:43.520Z] <<< HTTP RESPONSE 200 {"content-type":"application/json; charset=UTF-8","vary":"X-Origin, Referer, Origin,Accept-Encoding","date":"Thu, 12 May 2022 19:55:43 GMT","server":"ESF","cache-control":"private","x-xss-protection":"0","x-frame-options":"SAMEORIGIN","x-content-type-options":"nosniff","alt-svc":"h3=\":443\"; ma=2592000,h3-29=\":443\"; ma=2592000,h3-Q050=\":443\"; ma=2592000,h3-Q046=\":443\"; ma=2592000,h3-Q043=\":443\"; ma=2592000,quic=\":443\"; ma=2592000; v=\"46,43\"","accept-ranges":"none","transfer-encoding":"chunked"}
[info] ✔  firestore: deployed indexes in firestore.indexes.json successfully 
[debug] [2022-05-12T19:55:43.521Z] [functions] found 1 new HTTP functions, testing setIamPolicy permission...
[debug] [2022-05-12T19:55:43.522Z] > refreshing access token with scopes: []
[debug] [2022-05-12T19:55:43.522Z] >>> HTTP REQUEST POST https://www.googleapis.com/oauth2/v3/token  
 <request body omitted>
[debug] [2022-05-12T19:55:43.598Z] <<< HTTP RESPONSE 200 {"date":"Thu, 12 May 2022 19:55:43 GMT","cache-control":"no-cache, no-store, max-age=0, must-revalidate","pragma":"no-cache","expires":"Mon, 01 Jan 1990 00:00:00 GMT","content-type":"application/json; charset=utf-8","vary":"X-Origin, Referer, Origin,Accept-Encoding","server":"scaffolding on HTTPServer2","x-xss-protection":"0","x-frame-options":"SAMEORIGIN","x-content-type-options":"nosniff","alt-svc":"h3=\":443\"; ma=2592000,h3-29=\":443\"; ma=2592000,h3-Q050=\":443\"; ma=2592000,h3-Q046=\":443\"; ma=2592000,h3-Q043=\":443\"; ma=2592000,quic=\":443\"; ma=2592000; v=\"46,43\"","accept-ranges":"none","transfer-encoding":"chunked"}
[debug] [2022-05-12T19:55:43.640Z] >>> [apiv2][query] POST https://cloudresourcemanager.googleapis.com/v1/projects/family-chat-app-48:testIamPermissions [none]
[debug] [2022-05-12T19:55:43.641Z] >>> [apiv2][body] POST https://cloudresourcemanager.googleapis.com/v1/projects/family-chat-app-48:testIamPermissions {"permissions":["cloudfunctions.functions.setIamPolicy"]}
[debug] [2022-05-12T19:55:43.789Z] <<< [apiv2][status] POST https://cloudresourcemanager.googleapis.com/v1/projects/family-chat-app-48:testIamPermissions 200
[debug] [2022-05-12T19:55:43.789Z] <<< [apiv2][body] POST https://cloudresourcemanager.googleapis.com/v1/projects/family-chat-app-48:testIamPermissions {"permissions":["cloudfunctions.functions.setIamPolicy"]}
[debug] [2022-05-12T19:55:43.790Z] [functions] found setIamPolicy permission, proceeding with deploy
[debug] [2022-05-12T19:55:43.791Z] >>> [apiv2][query] POST https://cloudfunctions.googleapis.com/v1/projects/family-chat-app-48/locations/us-central1/functions:generateUploadUrl [none]
[debug] [2022-05-12T19:55:43.791Z] >>> [apiv2][body] POST https://cloudfunctions.googleapis.com/v1/projects/family-chat-app-48/locations/us-central1/functions:generateUploadUrl {}
[debug] [2022-05-12T19:55:53.223Z] <<< [apiv2][status] POST https://cloudfunctions.googleapis.com/v1/projects/family-chat-app-48/locations/us-central1/functions:generateUploadUrl 200
[debug] [2022-05-12T19:55:53.224Z] <<< [apiv2][body] POST https://cloudfunctions.googleapis.com/v1/projects/family-chat-app-48/locations/us-central1/functions:generateUploadUrl {"uploadUrl":"https://storage.googleapis.com/uploads-476107493131.us-central1.cloudfunctions.appspot.com/7f59d5df-ed2d-430f-8981-48b9e7de1839.zip?GoogleAccessId=service-405199979051@gcf-admin-robot.iam.gserviceaccount.com&Expires=1652387153&Signature=PuTTd0irzIHIsHBfw5wCISxXu7RAjst0Z6caUeRs7%2B0RlyP6oxFdEyLMYieCL5EArmK7o9lAwa6LZK%2FtCj9%2FqDZj%2BejXW30vxd%2FBg9av5c4UEeeq5EylRpFn9KGFdpy7MzI0CubrPtkKGVNzO3lB%2FQqnM8BPPxh%2FWOaxIXw7Xs942FvSuNUCajvv4bJGxR4W1a3w%2Bwbxnz6toEmyvtZsz7Et0oLvieP0N3iV9EwaN%2Bc1fy1XysDxF%2BdhHedLE7bMfrALcsYZ9AlyH%2FaZZGxnvqSL%2BMYj%2Bpp0lhX4IhV4FErn71uO8lUAyfIs5JqykUEpRlW7vaB%2F3pGHfphRhxzbkQ%3D%3D"}
[debug] [2022-05-12T19:55:53.228Z] >>> [apiv2][query] PUT https://storage.googleapis.com/uploads-476107493131.us-central1.cloudfunctions.appspot.com/7f59d5df-ed2d-430f-8981-48b9e7de1839.zip GoogleAccessId=service-405199979051%40gcf-admin-robot.iam.gserviceaccount.com&Expires=1652387153&Signature=PuTTd0irzIHIsHBfw5wCISxXu7RAjst0Z6caUeRs7%2B0RlyP6oxFdEyLMYieCL5EArmK7o9lAwa6LZK%2FtCj9%2FqDZj%2BejXW30vxd%2FBg9av5c4UEeeq5EylRpFn9KGFdpy7MzI0CubrPtkKGVNzO3lB%2FQqnM8BPPxh%2FWOaxIXw7Xs942FvSuNUCajvv4bJGxR4W1a3w%2Bwbxnz6toEmyvtZsz7Et0oLvieP0N3iV9EwaN%2Bc1fy1XysDxF%2BdhHedLE7bMfrALcsYZ9AlyH%2FaZZGxnvqSL%2BMYj%2Bpp0lhX4IhV4FErn71uO8lUAyfIs5JqykUEpRlW7vaB%2F3pGHfphRhxzbkQ%3D%3D
[debug] [2022-05-12T19:55:53.228Z] >>> [apiv2][body] PUT https://storage.googleapis.com/uploads-476107493131.us-central1.cloudfunctions.appspot.com/7f59d5df-ed2d-430f-8981-48b9e7de1839.zip [stream]
[debug] [2022-05-12T19:55:53.562Z] <<< [apiv2][status] PUT https://storage.googleapis.com/uploads-476107493131.us-central1.cloudfunctions.appspot.com/7f59d5df-ed2d-430f-8981-48b9e7de1839.zip 200
[debug] [2022-05-12T19:55:53.562Z] <<< [apiv2][body] PUT https://storage.googleapis.com/uploads-476107493131.us-central1.cloudfunctions.appspot.com/7f59d5df-ed2d-430f-8981-48b9e7de1839.zip [omitted]
[info] ✔  functions: functions folder uploaded successfully 
[debug] [2022-05-12T19:55:53.569Z] [rules] releasing cloud.firestore with ruleset projects/family-chat-app-48/rulesets/4e1c9cf5-40f7-4d02-9fbf-8756c97eeab3
[debug] [2022-05-12T19:55:53.570Z] >>> [apiv2][query] PATCH https://firebaserules.googleapis.com/v1/projects/family-chat-app-48/releases/cloud.firestore [none]
[debug] [2022-05-12T19:55:53.570Z] >>> [apiv2][body] PATCH https://firebaserules.googleapis.com/v1/projects/family-chat-app-48/releases/cloud.firestore {"release":{"name":"projects/family-chat-app-48/releases/cloud.firestore","rulesetName":"projects/family-chat-app-48/rulesets/4e1c9cf5-40f7-4d02-9fbf-8756c97eeab3"}}
[debug] [2022-05-12T19:55:54.145Z] <<< [apiv2][status] PATCH https://firebaserules.googleapis.com/v1/projects/family-chat-app-48/releases/cloud.firestore 200
[debug] [2022-05-12T19:55:54.145Z] <<< [apiv2][body] PATCH https://firebaserules.googleapis.com/v1/projects/family-chat-app-48/releases/cloud.firestore {"name":"projects/family-chat-app-48/releases/cloud.firestore","rulesetName":"projects/family-chat-app-48/rulesets/4e1c9cf5-40f7-4d02-9fbf-8756c97eeab3","createTime":"2021-11-02T13:03:23.320670Z","updateTime":"2022-05-12T19:55:54.025156Z"}
[debug] [2022-05-12T19:55:54.145Z] [rules] updated release projects/family-chat-app-48/releases/cloud.firestore
[info] ✔  firestore: released rules firestore.rules to cloud.firestore 
[info] i  functions: creating Node.js 16 function sendPushNotification(us-central1)... 
[debug] [2022-05-12T19:55:54.151Z] >>> [apiv2][query] POST https://cloudfunctions.googleapis.com/v1/projects/family-chat-app-48/locations/us-central1/functions [none]
[debug] [2022-05-12T19:55:54.151Z] >>> [apiv2][body] POST https://cloudfunctions.googleapis.com/v1/projects/family-chat-app-48/locations/us-central1/functions {"name":"projects/family-chat-app-48/locations/us-central1/functions/sendPushNotification","sourceUploadUrl":"https://storage.googleapis.com/uploads-476107493131.us-central1.cloudfunctions.appspot.com/7f59d5df-ed2d-430f-8981-48b9e7de1839.zip?GoogleAccessId=service-405199979051@gcf-admin-robot.iam.gserviceaccount.com&Expires=1652387153&Signature=PuTTd0irzIHIsHBfw5wCISxXu7RAjst0Z6caUeRs7%2B0RlyP6oxFdEyLMYieCL5EArmK7o9lAwa6LZK%2FtCj9%2FqDZj%2BejXW30vxd%2FBg9av5c4UEeeq5EylRpFn9KGFdpy7MzI0CubrPtkKGVNzO3lB%2FQqnM8BPPxh%2FWOaxIXw7Xs942FvSuNUCajvv4bJGxR4W1a3w%2Bwbxnz6toEmyvtZsz7Et0oLvieP0N3iV9EwaN%2Bc1fy1XysDxF%2BdhHedLE7bMfrALcsYZ9AlyH%2FaZZGxnvqSL%2BMYj%2Bpp0lhX4IhV4FErn71uO8lUAyfIs5JqykUEpRlW7vaB%2F3pGHfphRhxzbkQ%3D%3D","entryPoint":"sendPushNotification","runtime":"nodejs16","labels":{"deployment-tool":"cli-firebase"},"httpsTrigger":{"securityLevel":"SECURE_ALWAYS"},"environmentVariables":{"FIREBASE_CONFIG":"{\"projectId\":\"family-chat-app-48\",\"storageBucket\":\"family-chat-app-48.appspot.com\",\"locationId\":\"us-east1\"}","GCLOUD_PROJECT":"family-chat-app-48"}}
[debug] [2022-05-12T19:55:54.658Z] <<< [apiv2][status] POST https://cloudfunctions.googleapis.com/v1/projects/family-chat-app-48/locations/us-central1/functions 200
[debug] [2022-05-12T19:55:54.658Z] <<< [apiv2][body] POST https://cloudfunctions.googleapis.com/v1/projects/family-chat-app-48/locations/us-central1/functions {"name":"operations/ZmFtaWx5LWNoYXQtYXBwLTQ4L3VzLWNlbnRyYWwxL3NlbmRQdXNoTm90aWZpY2F0aW9uL3V5RGVtRDVEeUdJ","metadata":{"@type":"type.googleapis.com/google.cloud.functions.v1.OperationMetadataV1","target":"projects/family-chat-app-48/locations/us-central1/functions/sendPushNotification","type":"CREATE_FUNCTION","request":{"@type":"type.googleapis.com/google.cloud.functions.v1.CloudFunction","name":"projects/family-chat-app-48/locations/us-central1/functions/sendPushNotification","httpsTrigger":{"securityLevel":"SECURE_ALWAYS"},"entryPoint":"sendPushNotification","labels":{"deployment-tool":"cli-firebase"},"sourceUploadUrl":"https://storage.googleapis.com/uploads-476107493131.us-central1.cloudfunctions.appspot.com/7f59d5df-ed2d-430f-8981-48b9e7de1839.zip?GoogleAccessId=service-405199979051@gcf-admin-robot.iam.gserviceaccount.com&Expires=1652387153&Signature=PuTTd0irzIHIsHBfw5wCISxXu7RAjst0Z6caUeRs7%2B0RlyP6oxFdEyLMYieCL5EArmK7o9lAwa6LZK%2FtCj9%2FqDZj%2BejXW30vxd%2FBg9av5c4UEeeq5EylRpFn9KGFdpy7MzI0CubrPtkKGVNzO3lB%2FQqnM8BPPxh%2FWOaxIXw7Xs942FvSuNUCajvv4bJGxR4W1a3w%2Bwbxnz6toEmyvtZsz7Et0oLvieP0N3iV9EwaN%2Bc1fy1XysDxF%2BdhHedLE7bMfrALcsYZ9AlyH%2FaZZGxnvqSL%2BMYj%2Bpp0lhX4IhV4FErn71uO8lUAyfIs5JqykUEpRlW7vaB%2F3pGHfphRhxzbkQ%3D%3D","environmentVariables":{"FIREBASE_CONFIG":"{\"projectId\":\"family-chat-app-48\",\"storageBucket\":\"family-chat-app-48.appspot.com\",\"locationId\":\"us-east1\"}","GCLOUD_PROJECT":"family-chat-app-48"},"runtime":"nodejs16"},"versionId":"1","updateTime":"2022-05-12T19:55:54Z"}}
[debug] [2022-05-12T19:55:54.659Z] >>> [apiv2][query] GET https://cloudfunctions.googleapis.com/v1/operations/ZmFtaWx5LWNoYXQtYXBwLTQ4L3VzLWNlbnRyYWwxL3NlbmRQdXNoTm90aWZpY2F0aW9uL3V5RGVtRDVEeUdJ [none]
[debug] [2022-05-12T19:55:54.876Z] <<< [apiv2][status] GET https://cloudfunctions.googleapis.com/v1/operations/ZmFtaWx5LWNoYXQtYXBwLTQ4L3VzLWNlbnRyYWwxL3NlbmRQdXNoTm90aWZpY2F0aW9uL3V5RGVtRDVEeUdJ 200
[debug] [2022-05-12T19:55:54.876Z] <<< [apiv2][body] GET https://cloudfunctions.googleapis.com/v1/operations/ZmFtaWx5LWNoYXQtYXBwLTQ4L3VzLWNlbnRyYWwxL3NlbmRQdXNoTm90aWZpY2F0aW9uL3V5RGVtRDVEeUdJ {"name":"operations/ZmFtaWx5LWNoYXQtYXBwLTQ4L3VzLWNlbnRyYWwxL3NlbmRQdXNoTm90aWZpY2F0aW9uL3V5RGVtRDVEeUdJ","metadata":{"@type":"type.googleapis.com/google.cloud.functions.v1.OperationMetadataV1","target":"projects/family-chat-app-48/locations/us-central1/functions/sendPushNotification","type":"CREATE_FUNCTION","request":{"@type":"type.googleapis.com/google.cloud.functions.v1.CloudFunction","name":"projects/family-chat-app-48/locations/us-central1/functions/sendPushNotification","httpsTrigger":{"securityLevel":"SECURE_ALWAYS"},"entryPoint":"sendPushNotification","labels":{"deployment-tool":"cli-firebase"},"sourceUploadUrl":"https://storage.googleapis.com/uploads-476107493131.us-central1.cloudfunctions.appspot.com/7f59d5df-ed2d-430f-8981-48b9e7de1839.zip?GoogleAccessId=service-405199979051@gcf-admin-robot.iam.gserviceaccount.com&Expires=1652387153&Signature=PuTTd0irzIHIsHBfw5wCISxXu7RAjst0Z6caUeRs7%2B0RlyP6oxFdEyLMYieCL5EArmK7o9lAwa6LZK%2FtCj9%2FqDZj%2BejXW30vxd%2FBg9av5c4UEeeq5EylRpFn9KGFdpy7MzI0CubrPtkKGVNzO3lB%2FQqnM8BPPxh%2FWOaxIXw7Xs942FvSuNUCajvv4bJGxR4W1a3w%2Bwbxnz6toEmyvtZsz7Et0oLvieP0N3iV9EwaN%2Bc1fy1XysDxF%2BdhHedLE7bMfrALcsYZ9AlyH%2FaZZGxnvqSL%2BMYj%2Bpp0lhX4IhV4FErn71uO8lUAyfIs5JqykUEpRlW7vaB%2F3pGHfphRhxzbkQ%3D%3D","environmentVariables":{"FIREBASE_CONFIG":"{\"projectId\":\"family-chat-app-48\",\"storageBucket\":\"family-chat-app-48.appspot.com\",\"locationId\":\"us-east1\"}","GCLOUD_PROJECT":"family-chat-app-48"},"runtime":"nodejs16"},"versionId":"1","updateTime":"2022-05-12T19:55:54Z"}}
[debug] [2022-05-12T19:55:55.378Z] [create-default-us-central1-sendPushNotification] Retrying task index 0
[debug] [2022-05-12T19:55:55.379Z] >>> [apiv2][query] GET https://cloudfunctions.googleapis.com/v1/operations/ZmFtaWx5LWNoYXQtYXBwLTQ4L3VzLWNlbnRyYWwxL3NlbmRQdXNoTm90aWZpY2F0aW9uL3V5RGVtRDVEeUdJ [none]
[debug] [2022-05-12T19:55:55.624Z] <<< [apiv2][status] GET https://cloudfunctions.googleapis.com/v1/operations/ZmFtaWx5LWNoYXQtYXBwLTQ4L3VzLWNlbnRyYWwxL3NlbmRQdXNoTm90aWZpY2F0aW9uL3V5RGVtRDVEeUdJ 200
[debug] [2022-05-12T19:55:55.625Z] <<< [apiv2][body] GET https://cloudfunctions.googleapis.com/v1/operations/ZmFtaWx5LWNoYXQtYXBwLTQ4L3VzLWNlbnRyYWwxL3NlbmRQdXNoTm90aWZpY2F0aW9uL3V5RGVtRDVEeUdJ {"name":"operations/ZmFtaWx5LWNoYXQtYXBwLTQ4L3VzLWNlbnRyYWwxL3NlbmRQdXNoTm90aWZpY2F0aW9uL3V5RGVtRDVEeUdJ","metadata":{"@type":"type.googleapis.com/google.cloud.functions.v1.OperationMetadataV1","target":"projects/family-chat-app-48/locations/us-central1/functions/sendPushNotification","type":"CREATE_FUNCTION","request":{"@type":"type.googleapis.com/google.cloud.functions.v1.CloudFunction","name":"projects/family-chat-app-48/locations/us-central1/functions/sendPushNotification","httpsTrigger":{"securityLevel":"SECURE_ALWAYS"},"entryPoint":"sendPushNotification","labels":{"deployment-tool":"cli-firebase"},"sourceUploadUrl":"https://storage.googleapis.com/uploads-476107493131.us-central1.cloudfunctions.appspot.com/7f59d5df-ed2d-430f-8981-48b9e7de1839.zip?GoogleAccessId=service-405199979051@gcf-admin-robot.iam.gserviceaccount.com&Expires=1652387153&Signature=PuTTd0irzIHIsHBfw5wCISxXu7RAjst0Z6caUeRs7%2B0RlyP6oxFdEyLMYieCL5EArmK7o9lAwa6LZK%2FtCj9%2FqDZj%2BejXW30vxd%2FBg9av5c4UEeeq5EylRpFn9KGFdpy7MzI0CubrPtkKGVNzO3lB%2FQqnM8BPPxh%2FWOaxIXw7Xs942FvSuNUCajvv4bJGxR4W1a3w%2Bwbxnz6toEmyvtZsz7Et0oLvieP0N3iV9EwaN%2Bc1fy1XysDxF%2BdhHedLE7bMfrALcsYZ9AlyH%2FaZZGxnvqSL%2BMYj%2Bpp0lhX4IhV4FErn71uO8lUAyfIs5JqykUEpRlW7vaB%2F3pGHfphRhxzbkQ%3D%3D","environmentVariables":{"FIREBASE_CONFIG":"{\"projectId\":\"family-chat-app-48\",\"storageBucket\":\"family-chat-app-48.appspot.com\",\"locationId\":\"us-east1\"}","GCLOUD_PROJECT":"family-chat-app-48"},"runtime":"nodejs16"},"versionId":"1","updateTime":"2022-05-12T19:55:54Z"}}
[debug] [2022-05-12T19:55:56.626Z] [create-default-us-central1-sendPushNotification] Retrying task index 0
[debug] [2022-05-12T19:55:56.627Z] >>> [apiv2][query] GET https://cloudfunctions.googleapis.com/v1/operations/ZmFtaWx5LWNoYXQtYXBwLTQ4L3VzLWNlbnRyYWwxL3NlbmRQdXNoTm90aWZpY2F0aW9uL3V5RGVtRDVEeUdJ [none]
[debug] [2022-05-12T19:55:56.853Z] <<< [apiv2][status] GET https://cloudfunctions.googleapis.com/v1/operations/ZmFtaWx5LWNoYXQtYXBwLTQ4L3VzLWNlbnRyYWwxL3NlbmRQdXNoTm90aWZpY2F0aW9uL3V5RGVtRDVEeUdJ 200
[debug] [2022-05-12T19:55:56.853Z] <<< [apiv2][body] GET https://cloudfunctions.googleapis.com/v1/operations/ZmFtaWx5LWNoYXQtYXBwLTQ4L3VzLWNlbnRyYWwxL3NlbmRQdXNoTm90aWZpY2F0aW9uL3V5RGVtRDVEeUdJ {"name":"operations/ZmFtaWx5LWNoYXQtYXBwLTQ4L3VzLWNlbnRyYWwxL3NlbmRQdXNoTm90aWZpY2F0aW9uL3V5RGVtRDVEeUdJ","metadata":{"@type":"type.googleapis.com/google.cloud.functions.v1.OperationMetadataV1","target":"projects/family-chat-app-48/locations/us-central1/functions/sendPushNotification","type":"CREATE_FUNCTION","request":{"@type":"type.googleapis.com/google.cloud.functions.v1.CloudFunction","name":"projects/family-chat-app-48/locations/us-central1/functions/sendPushNotification","httpsTrigger":{"securityLevel":"SECURE_ALWAYS"},"entryPoint":"sendPushNotification","labels":{"deployment-tool":"cli-firebase"},"sourceUploadUrl":"https://storage.googleapis.com/uploads-476107493131.us-central1.cloudfunctions.appspot.com/7f59d5df-ed2d-430f-8981-48b9e7de1839.zip?GoogleAccessId=service-405199979051@gcf-admin-robot.iam.gserviceaccount.com&Expires=1652387153&Signature=PuTTd0irzIHIsHBfw5wCISxXu7RAjst0Z6caUeRs7%2B0RlyP6oxFdEyLMYieCL5EArmK7o9lAwa6LZK%2FtCj9%2FqDZj%2BejXW30vxd%2FBg9av5c4UEeeq5EylRpFn9KGFdpy7MzI0CubrPtkKGVNzO3lB%2FQqnM8BPPxh%2FWOaxIXw7Xs942FvSuNUCajvv4bJGxR4W1a3w%2Bwbxnz6toEmyvtZsz7Et0oLvieP0N3iV9EwaN%2Bc1fy1XysDxF%2BdhHedLE7bMfrALcsYZ9AlyH%2FaZZGxnvqSL%2BMYj%2Bpp0lhX4IhV4FErn71uO8lUAyfIs5JqykUEpRlW7vaB%2F3pGHfphRhxzbkQ%3D%3D","environmentVariables":{"FIREBASE_CONFIG":"{\"projectId\":\"family-chat-app-48\",\"storageBucket\":\"family-chat-app-48.appspot.com\",\"locationId\":\"us-east1\"}","GCLOUD_PROJECT":"family-chat-app-48"},"runtime":"nodejs16"},"versionId":"1","updateTime":"2022-05-12T19:55:54Z","buildId":"6b1f8183-a697-48ca-9d4d-bed9c45772ff","buildName":"projects/405199979051/locations/us-central1/builds/6b1f8183-a697-48ca-9d4d-bed9c45772ff"}}
[debug] [2022-05-12T19:55:58.855Z] [create-default-us-central1-sendPushNotification] Retrying task index 0
[debug] [2022-05-12T19:55:58.856Z] >>> [apiv2][query] GET https://cloudfunctions.googleapis.com/v1/operations/ZmFtaWx5LWNoYXQtYXBwLTQ4L3VzLWNlbnRyYWwxL3NlbmRQdXNoTm90aWZpY2F0aW9uL3V5RGVtRDVEeUdJ [none]
[debug] [2022-05-12T19:55:59.107Z] <<< [apiv2][status] GET https://cloudfunctions.googleapis.com/v1/operations/ZmFtaWx5LWNoYXQtYXBwLTQ4L3VzLWNlbnRyYWwxL3NlbmRQdXNoTm90aWZpY2F0aW9uL3V5RGVtRDVEeUdJ 200
[debug] [2022-05-12T19:55:59.107Z] <<< [apiv2][body] GET https://cloudfunctions.googleapis.com/v1/operations/ZmFtaWx5LWNoYXQtYXBwLTQ4L3VzLWNlbnRyYWwxL3NlbmRQdXNoTm90aWZpY2F0aW9uL3V5RGVtRDVEeUdJ {"name":"operations/ZmFtaWx5LWNoYXQtYXBwLTQ4L3VzLWNlbnRyYWwxL3NlbmRQdXNoTm90aWZpY2F0aW9uL3V5RGVtRDVEeUdJ","metadata":{"@type":"type.googleapis.com/google.cloud.functions.v1.OperationMetadataV1","target":"projects/family-chat-app-48/locations/us-central1/functions/sendPushNotification","type":"CREATE_FUNCTION","request":{"@type":"type.googleapis.com/google.cloud.functions.v1.CloudFunction","name":"projects/family-chat-app-48/locations/us-central1/functions/sendPushNotification","httpsTrigger":{"securityLevel":"SECURE_ALWAYS"},"entryPoint":"sendPushNotification","labels":{"deployment-tool":"cli-firebase"},"sourceUploadUrl":"https://storage.googleapis.com/uploads-476107493131.us-central1.cloudfunctions.appspot.com/7f59d5df-ed2d-430f-8981-48b9e7de1839.zip?GoogleAccessId=service-405199979051@gcf-admin-robot.iam.gserviceaccount.com&Expires=1652387153&Signature=PuTTd0irzIHIsHBfw5wCISxXu7RAjst0Z6caUeRs7%2B0RlyP6oxFdEyLMYieCL5EArmK7o9lAwa6LZK%2FtCj9%2FqDZj%2BejXW30vxd%2FBg9av5c4UEeeq5EylRpFn9KGFdpy7MzI0CubrPtkKGVNzO3lB%2FQqnM8BPPxh%2FWOaxIXw7Xs942FvSuNUCajvv4bJGxR4W1a3w%2Bwbxnz6toEmyvtZsz7Et0oLvieP0N3iV9EwaN%2Bc1fy1XysDxF%2BdhHedLE7bMfrALcsYZ9AlyH%2FaZZGxnvqSL%2BMYj%2Bpp0lhX4IhV4FErn71uO8lUAyfIs5JqykUEpRlW7vaB%2F3pGHfphRhxzbkQ%3D%3D","environmentVariables":{"FIREBASE_CONFIG":"{\"projectId\":\"family-chat-app-48\",\"storageBucket\":\"family-chat-app-48.appspot.com\",\"locationId\":\"us-east1\"}","GCLOUD_PROJECT":"family-chat-app-48"},"runtime":"nodejs16"},"versionId":"1","updateTime":"2022-05-12T19:55:54Z","buildId":"6b1f8183-a697-48ca-9d4d-bed9c45772ff","buildName":"projects/405199979051/locations/us-central1/builds/6b1f8183-a697-48ca-9d4d-bed9c45772ff"}}
[debug] [2022-05-12T19:56:03.110Z] [create-default-us-central1-sendPushNotification] Retrying task index 0
[debug] [2022-05-12T19:56:03.113Z] >>> [apiv2][query] GET https://cloudfunctions.googleapis.com/v1/operations/ZmFtaWx5LWNoYXQtYXBwLTQ4L3VzLWNlbnRyYWwxL3NlbmRQdXNoTm90aWZpY2F0aW9uL3V5RGVtRDVEeUdJ [none]
[debug] [2022-05-12T19:56:03.336Z] <<< [apiv2][status] GET https://cloudfunctions.googleapis.com/v1/operations/ZmFtaWx5LWNoYXQtYXBwLTQ4L3VzLWNlbnRyYWwxL3NlbmRQdXNoTm90aWZpY2F0aW9uL3V5RGVtRDVEeUdJ 200
[debug] [2022-05-12T19:56:03.336Z] <<< [apiv2][body] GET https://cloudfunctions.googleapis.com/v1/operations/ZmFtaWx5LWNoYXQtYXBwLTQ4L3VzLWNlbnRyYWwxL3NlbmRQdXNoTm90aWZpY2F0aW9uL3V5RGVtRDVEeUdJ {"name":"operations/ZmFtaWx5LWNoYXQtYXBwLTQ4L3VzLWNlbnRyYWwxL3NlbmRQdXNoTm90aWZpY2F0aW9uL3V5RGVtRDVEeUdJ","metadata":{"@type":"type.googleapis.com/google.cloud.functions.v1.OperationMetadataV1","target":"projects/family-chat-app-48/locations/us-central1/functions/sendPushNotification","type":"CREATE_FUNCTION","request":{"@type":"type.googleapis.com/google.cloud.functions.v1.CloudFunction","name":"projects/family-chat-app-48/locations/us-central1/functions/sendPushNotification","httpsTrigger":{"securityLevel":"SECURE_ALWAYS"},"entryPoint":"sendPushNotification","labels":{"deployment-tool":"cli-firebase"},"sourceUploadUrl":"https://storage.googleapis.com/uploads-476107493131.us-central1.cloudfunctions.appspot.com/7f59d5df-ed2d-430f-8981-48b9e7de1839.zip?GoogleAccessId=service-405199979051@gcf-admin-robot.iam.gserviceaccount.com&Expires=1652387153&Signature=PuTTd0irzIHIsHBfw5wCISxXu7RAjst0Z6caUeRs7%2B0RlyP6oxFdEyLMYieCL5EArmK7o9lAwa6LZK%2FtCj9%2FqDZj%2BejXW30vxd%2FBg9av5c4UEeeq5EylRpFn9KGFdpy7MzI0CubrPtkKGVNzO3lB%2FQqnM8BPPxh%2FWOaxIXw7Xs942FvSuNUCajvv4bJGxR4W1a3w%2Bwbxnz6toEmyvtZsz7Et0oLvieP0N3iV9EwaN%2Bc1fy1XysDxF%2BdhHedLE7bMfrALcsYZ9AlyH%2FaZZGxnvqSL%2BMYj%2Bpp0lhX4IhV4FErn71uO8lUAyfIs5JqykUEpRlW7vaB%2F3pGHfphRhxzbkQ%3D%3D","environmentVariables":{"FIREBASE_CONFIG":"{\"projectId\":\"family-chat-app-48\",\"storageBucket\":\"family-chat-app-48.appspot.com\",\"locationId\":\"us-east1\"}","GCLOUD_PROJECT":"family-chat-app-48"},"runtime":"nodejs16"},"versionId":"1","updateTime":"2022-05-12T19:55:54Z","buildId":"6b1f8183-a697-48ca-9d4d-bed9c45772ff","buildName":"projects/405199979051/locations/us-central1/builds/6b1f8183-a697-48ca-9d4d-bed9c45772ff"}}
[debug] [2022-05-12T19:56:11.339Z] [create-default-us-central1-sendPushNotification] Retrying task index 0
[debug] [2022-05-12T19:56:11.339Z] >>> [apiv2][query] GET https://cloudfunctions.googleapis.com/v1/operations/ZmFtaWx5LWNoYXQtYXBwLTQ4L3VzLWNlbnRyYWwxL3NlbmRQdXNoTm90aWZpY2F0aW9uL3V5RGVtRDVEeUdJ [none]
[debug] [2022-05-12T19:56:11.573Z] <<< [apiv2][status] GET https://cloudfunctions.googleapis.com/v1/operations/ZmFtaWx5LWNoYXQtYXBwLTQ4L3VzLWNlbnRyYWwxL3NlbmRQdXNoTm90aWZpY2F0aW9uL3V5RGVtRDVEeUdJ 200
[debug] [2022-05-12T19:56:11.573Z] <<< [apiv2][body] GET https://cloudfunctions.googleapis.com/v1/operations/ZmFtaWx5LWNoYXQtYXBwLTQ4L3VzLWNlbnRyYWwxL3NlbmRQdXNoTm90aWZpY2F0aW9uL3V5RGVtRDVEeUdJ {"name":"operations/ZmFtaWx5LWNoYXQtYXBwLTQ4L3VzLWNlbnRyYWwxL3NlbmRQdXNoTm90aWZpY2F0aW9uL3V5RGVtRDVEeUdJ","metadata":{"@type":"type.googleapis.com/google.cloud.functions.v1.OperationMetadataV1","target":"projects/family-chat-app-48/locations/us-central1/functions/sendPushNotification","type":"CREATE_FUNCTION","request":{"@type":"type.googleapis.com/google.cloud.functions.v1.CloudFunction","name":"projects/family-chat-app-48/locations/us-central1/functions/sendPushNotification","httpsTrigger":{"securityLevel":"SECURE_ALWAYS"},"entryPoint":"sendPushNotification","labels":{"deployment-tool":"cli-firebase"},"sourceUploadUrl":"https://storage.googleapis.com/uploads-476107493131.us-central1.cloudfunctions.appspot.com/7f59d5df-ed2d-430f-8981-48b9e7de1839.zip?GoogleAccessId=service-405199979051@gcf-admin-robot.iam.gserviceaccount.com&Expires=1652387153&Signature=PuTTd0irzIHIsHBfw5wCISxXu7RAjst0Z6caUeRs7%2B0RlyP6oxFdEyLMYieCL5EArmK7o9lAwa6LZK%2FtCj9%2FqDZj%2BejXW30vxd%2FBg9av5c4UEeeq5EylRpFn9KGFdpy7MzI0CubrPtkKGVNzO3lB%2FQqnM8BPPxh%2FWOaxIXw7Xs942FvSuNUCajvv4bJGxR4W1a3w%2Bwbxnz6toEmyvtZsz7Et0oLvieP0N3iV9EwaN%2Bc1fy1XysDxF%2BdhHedLE7bMfrALcsYZ9AlyH%2FaZZGxnvqSL%2BMYj%2Bpp0lhX4IhV4FErn71uO8lUAyfIs5JqykUEpRlW7vaB%2F3pGHfphRhxzbkQ%3D%3D","environmentVariables":{"FIREBASE_CONFIG":"{\"projectId\":\"family-chat-app-48\",\"storageBucket\":\"family-chat-app-48.appspot.com\",\"locationId\":\"us-east1\"}","GCLOUD_PROJECT":"family-chat-app-48"},"runtime":"nodejs16"},"versionId":"1","updateTime":"2022-05-12T19:55:54Z","buildId":"6b1f8183-a697-48ca-9d4d-bed9c45772ff","buildName":"projects/405199979051/locations/us-central1/builds/6b1f8183-a697-48ca-9d4d-bed9c45772ff"}}
[debug] [2022-05-12T19:56:21.574Z] [create-default-us-central1-sendPushNotification] Retrying task index 0
[debug] [2022-05-12T19:56:21.575Z] >>> [apiv2][query] GET https://cloudfunctions.googleapis.com/v1/operations/ZmFtaWx5LWNoYXQtYXBwLTQ4L3VzLWNlbnRyYWwxL3NlbmRQdXNoTm90aWZpY2F0aW9uL3V5RGVtRDVEeUdJ [none]
[debug] [2022-05-12T19:56:21.800Z] <<< [apiv2][status] GET https://cloudfunctions.googleapis.com/v1/operations/ZmFtaWx5LWNoYXQtYXBwLTQ4L3VzLWNlbnRyYWwxL3NlbmRQdXNoTm90aWZpY2F0aW9uL3V5RGVtRDVEeUdJ 200
[debug] [2022-05-12T19:56:21.801Z] <<< [apiv2][body] GET https://cloudfunctions.googleapis.com/v1/operations/ZmFtaWx5LWNoYXQtYXBwLTQ4L3VzLWNlbnRyYWwxL3NlbmRQdXNoTm90aWZpY2F0aW9uL3V5RGVtRDVEeUdJ {"name":"operations/ZmFtaWx5LWNoYXQtYXBwLTQ4L3VzLWNlbnRyYWwxL3NlbmRQdXNoTm90aWZpY2F0aW9uL3V5RGVtRDVEeUdJ","metadata":{"@type":"type.googleapis.com/google.cloud.functions.v1.OperationMetadataV1","target":"projects/family-chat-app-48/locations/us-central1/functions/sendPushNotification","type":"CREATE_FUNCTION","request":{"@type":"type.googleapis.com/google.cloud.functions.v1.CloudFunction","name":"projects/family-chat-app-48/locations/us-central1/functions/sendPushNotification","httpsTrigger":{"securityLevel":"SECURE_ALWAYS"},"entryPoint":"sendPushNotification","labels":{"deployment-tool":"cli-firebase"},"sourceUploadUrl":"https://storage.googleapis.com/uploads-476107493131.us-central1.cloudfunctions.appspot.com/7f59d5df-ed2d-430f-8981-48b9e7de1839.zip?GoogleAccessId=service-405199979051@gcf-admin-robot.iam.gserviceaccount.com&Expires=1652387153&Signature=PuTTd0irzIHIsHBfw5wCISxXu7RAjst0Z6caUeRs7%2B0RlyP6oxFdEyLMYieCL5EArmK7o9lAwa6LZK%2FtCj9%2FqDZj%2BejXW30vxd%2FBg9av5c4UEeeq5EylRpFn9KGFdpy7MzI0CubrPtkKGVNzO3lB%2FQqnM8BPPxh%2FWOaxIXw7Xs942FvSuNUCajvv4bJGxR4W1a3w%2Bwbxnz6toEmyvtZsz7Et0oLvieP0N3iV9EwaN%2Bc1fy1XysDxF%2BdhHedLE7bMfrALcsYZ9AlyH%2FaZZGxnvqSL%2BMYj%2Bpp0lhX4IhV4FErn71uO8lUAyfIs5JqykUEpRlW7vaB%2F3pGHfphRhxzbkQ%3D%3D","environmentVariables":{"FIREBASE_CONFIG":"{\"projectId\":\"family-chat-app-48\",\"storageBucket\":\"family-chat-app-48.appspot.com\",\"locationId\":\"us-east1\"}","GCLOUD_PROJECT":"family-chat-app-48"},"runtime":"nodejs16"},"versionId":"1","updateTime":"2022-05-12T19:55:54Z","buildId":"6b1f8183-a697-48ca-9d4d-bed9c45772ff","buildName":"projects/405199979051/locations/us-central1/builds/6b1f8183-a697-48ca-9d4d-bed9c45772ff"}}
[debug] [2022-05-12T19:56:31.802Z] [create-default-us-central1-sendPushNotification] Retrying task index 0
[debug] [2022-05-12T19:56:31.805Z] >>> [apiv2][query] GET https://cloudfunctions.googleapis.com/v1/operations/ZmFtaWx5LWNoYXQtYXBwLTQ4L3VzLWNlbnRyYWwxL3NlbmRQdXNoTm90aWZpY2F0aW9uL3V5RGVtRDVEeUdJ [none]
[debug] [2022-05-12T19:56:32.035Z] <<< [apiv2][status] GET https://cloudfunctions.googleapis.com/v1/operations/ZmFtaWx5LWNoYXQtYXBwLTQ4L3VzLWNlbnRyYWwxL3NlbmRQdXNoTm90aWZpY2F0aW9uL3V5RGVtRDVEeUdJ 200
[debug] [2022-05-12T19:56:32.035Z] <<< [apiv2][body] GET https://cloudfunctions.googleapis.com/v1/operations/ZmFtaWx5LWNoYXQtYXBwLTQ4L3VzLWNlbnRyYWwxL3NlbmRQdXNoTm90aWZpY2F0aW9uL3V5RGVtRDVEeUdJ {"name":"operations/ZmFtaWx5LWNoYXQtYXBwLTQ4L3VzLWNlbnRyYWwxL3NlbmRQdXNoTm90aWZpY2F0aW9uL3V5RGVtRDVEeUdJ","metadata":{"@type":"type.googleapis.com/google.cloud.functions.v1.OperationMetadataV1","target":"projects/family-chat-app-48/locations/us-central1/functions/sendPushNotification","type":"CREATE_FUNCTION","request":{"@type":"type.googleapis.com/google.cloud.functions.v1.CloudFunction","name":"projects/family-chat-app-48/locations/us-central1/functions/sendPushNotification","httpsTrigger":{"securityLevel":"SECURE_ALWAYS"},"entryPoint":"sendPushNotification","labels":{"deployment-tool":"cli-firebase"},"sourceUploadUrl":"https://storage.googleapis.com/uploads-476107493131.us-central1.cloudfunctions.appspot.com/7f59d5df-ed2d-430f-8981-48b9e7de1839.zip?GoogleAccessId=service-405199979051@gcf-admin-robot.iam.gserviceaccount.com&Expires=1652387153&Signature=PuTTd0irzIHIsHBfw5wCISxXu7RAjst0Z6caUeRs7%2B0RlyP6oxFdEyLMYieCL5EArmK7o9lAwa6LZK%2FtCj9%2FqDZj%2BejXW30vxd%2FBg9av5c4UEeeq5EylRpFn9KGFdpy7MzI0CubrPtkKGVNzO3lB%2FQqnM8BPPxh%2FWOaxIXw7Xs942FvSuNUCajvv4bJGxR4W1a3w%2Bwbxnz6toEmyvtZsz7Et0oLvieP0N3iV9EwaN%2Bc1fy1XysDxF%2BdhHedLE7bMfrALcsYZ9AlyH%2FaZZGxnvqSL%2BMYj%2Bpp0lhX4IhV4FErn71uO8lUAyfIs5JqykUEpRlW7vaB%2F3pGHfphRhxzbkQ%3D%3D","environmentVariables":{"FIREBASE_CONFIG":"{\"projectId\":\"family-chat-app-48\",\"storageBucket\":\"family-chat-app-48.appspot.com\",\"locationId\":\"us-east1\"}","GCLOUD_PROJECT":"family-chat-app-48"},"runtime":"nodejs16"},"versionId":"1","updateTime":"2022-05-12T19:55:54Z","buildId":"6b1f8183-a697-48ca-9d4d-bed9c45772ff","buildName":"projects/405199979051/locations/us-central1/builds/6b1f8183-a697-48ca-9d4d-bed9c45772ff"}}
[debug] [2022-05-12T19:56:42.037Z] [create-default-us-central1-sendPushNotification] Retrying task index 0
[debug] [2022-05-12T19:56:42.039Z] >>> [apiv2][query] GET https://cloudfunctions.googleapis.com/v1/operations/ZmFtaWx5LWNoYXQtYXBwLTQ4L3VzLWNlbnRyYWwxL3NlbmRQdXNoTm90aWZpY2F0aW9uL3V5RGVtRDVEeUdJ [none]
[debug] [2022-05-12T19:56:42.268Z] <<< [apiv2][status] GET https://cloudfunctions.googleapis.com/v1/operations/ZmFtaWx5LWNoYXQtYXBwLTQ4L3VzLWNlbnRyYWwxL3NlbmRQdXNoTm90aWZpY2F0aW9uL3V5RGVtRDVEeUdJ 200
[debug] [2022-05-12T19:56:42.268Z] <<< [apiv2][body] GET https://cloudfunctions.googleapis.com/v1/operations/ZmFtaWx5LWNoYXQtYXBwLTQ4L3VzLWNlbnRyYWwxL3NlbmRQdXNoTm90aWZpY2F0aW9uL3V5RGVtRDVEeUdJ {"name":"operations/ZmFtaWx5LWNoYXQtYXBwLTQ4L3VzLWNlbnRyYWwxL3NlbmRQdXNoTm90aWZpY2F0aW9uL3V5RGVtRDVEeUdJ","metadata":{"@type":"type.googleapis.com/google.cloud.functions.v1.OperationMetadataV1","target":"projects/family-chat-app-48/locations/us-central1/functions/sendPushNotification","type":"CREATE_FUNCTION","request":{"@type":"type.googleapis.com/google.cloud.functions.v1.CloudFunction","name":"projects/family-chat-app-48/locations/us-central1/functions/sendPushNotification","httpsTrigger":{"securityLevel":"SECURE_ALWAYS"},"entryPoint":"sendPushNotification","labels":{"deployment-tool":"cli-firebase"},"sourceUploadUrl":"https://storage.googleapis.com/uploads-476107493131.us-central1.cloudfunctions.appspot.com/7f59d5df-ed2d-430f-8981-48b9e7de1839.zip?GoogleAccessId=service-405199979051@gcf-admin-robot.iam.gserviceaccount.com&Expires=1652387153&Signature=PuTTd0irzIHIsHBfw5wCISxXu7RAjst0Z6caUeRs7%2B0RlyP6oxFdEyLMYieCL5EArmK7o9lAwa6LZK%2FtCj9%2FqDZj%2BejXW30vxd%2FBg9av5c4UEeeq5EylRpFn9KGFdpy7MzI0CubrPtkKGVNzO3lB%2FQqnM8BPPxh%2FWOaxIXw7Xs942FvSuNUCajvv4bJGxR4W1a3w%2Bwbxnz6toEmyvtZsz7Et0oLvieP0N3iV9EwaN%2Bc1fy1XysDxF%2BdhHedLE7bMfrALcsYZ9AlyH%2FaZZGxnvqSL%2BMYj%2Bpp0lhX4IhV4FErn71uO8lUAyfIs5JqykUEpRlW7vaB%2F3pGHfphRhxzbkQ%3D%3D","environmentVariables":{"FIREBASE_CONFIG":"{\"projectId\":\"family-chat-app-48\",\"storageBucket\":\"family-chat-app-48.appspot.com\",\"locationId\":\"us-east1\"}","GCLOUD_PROJECT":"family-chat-app-48"},"runtime":"nodejs16"},"versionId":"1","updateTime":"2022-05-12T19:55:54Z","buildId":"6b1f8183-a697-48ca-9d4d-bed9c45772ff","buildName":"projects/405199979051/locations/us-central1/builds/6b1f8183-a697-48ca-9d4d-bed9c45772ff"}}
[debug] [2022-05-12T19:56:52.270Z] [create-default-us-central1-sendPushNotification] Retrying task index 0
[debug] [2022-05-12T19:56:52.271Z] >>> [apiv2][query] GET https://cloudfunctions.googleapis.com/v1/operations/ZmFtaWx5LWNoYXQtYXBwLTQ4L3VzLWNlbnRyYWwxL3NlbmRQdXNoTm90aWZpY2F0aW9uL3V5RGVtRDVEeUdJ [none]
[debug] [2022-05-12T19:56:52.492Z] <<< [apiv2][status] GET https://cloudfunctions.googleapis.com/v1/operations/ZmFtaWx5LWNoYXQtYXBwLTQ4L3VzLWNlbnRyYWwxL3NlbmRQdXNoTm90aWZpY2F0aW9uL3V5RGVtRDVEeUdJ 200
[debug] [2022-05-12T19:56:52.492Z] <<< [apiv2][body] GET https://cloudfunctions.googleapis.com/v1/operations/ZmFtaWx5LWNoYXQtYXBwLTQ4L3VzLWNlbnRyYWwxL3NlbmRQdXNoTm90aWZpY2F0aW9uL3V5RGVtRDVEeUdJ {"name":"operations/ZmFtaWx5LWNoYXQtYXBwLTQ4L3VzLWNlbnRyYWwxL3NlbmRQdXNoTm90aWZpY2F0aW9uL3V5RGVtRDVEeUdJ","metadata":{"@type":"type.googleapis.com/google.cloud.functions.v1.OperationMetadataV1","target":"projects/family-chat-app-48/locations/us-central1/functions/sendPushNotification","type":"CREATE_FUNCTION","request":{"@type":"type.googleapis.com/google.cloud.functions.v1.CloudFunction","name":"projects/family-chat-app-48/locations/us-central1/functions/sendPushNotification","httpsTrigger":{"securityLevel":"SECURE_ALWAYS"},"entryPoint":"sendPushNotification","labels":{"deployment-tool":"cli-firebase"},"sourceUploadUrl":"https://storage.googleapis.com/uploads-476107493131.us-central1.cloudfunctions.appspot.com/7f59d5df-ed2d-430f-8981-48b9e7de1839.zip?GoogleAccessId=service-405199979051@gcf-admin-robot.iam.gserviceaccount.com&Expires=1652387153&Signature=PuTTd0irzIHIsHBfw5wCISxXu7RAjst0Z6caUeRs7%2B0RlyP6oxFdEyLMYieCL5EArmK7o9lAwa6LZK%2FtCj9%2FqDZj%2BejXW30vxd%2FBg9av5c4UEeeq5EylRpFn9KGFdpy7MzI0CubrPtkKGVNzO3lB%2FQqnM8BPPxh%2FWOaxIXw7Xs942FvSuNUCajvv4bJGxR4W1a3w%2Bwbxnz6toEmyvtZsz7Et0oLvieP0N3iV9EwaN%2Bc1fy1XysDxF%2BdhHedLE7bMfrALcsYZ9AlyH%2FaZZGxnvqSL%2BMYj%2Bpp0lhX4IhV4FErn71uO8lUAyfIs5JqykUEpRlW7vaB%2F3pGHfphRhxzbkQ%3D%3D","environmentVariables":{"FIREBASE_CONFIG":"{\"projectId\":\"family-chat-app-48\",\"storageBucket\":\"family-chat-app-48.appspot.com\",\"locationId\":\"us-east1\"}","GCLOUD_PROJECT":"family-chat-app-48"},"runtime":"nodejs16"},"versionId":"1","updateTime":"2022-05-12T19:55:54Z","buildId":"6b1f8183-a697-48ca-9d4d-bed9c45772ff","buildName":"projects/405199979051/locations/us-central1/builds/6b1f8183-a697-48ca-9d4d-bed9c45772ff"}}
[debug] [2022-05-12T19:57:02.495Z] [create-default-us-central1-sendPushNotification] Retrying task index 0
[debug] [2022-05-12T19:57:02.496Z] >>> [apiv2][query] GET https://cloudfunctions.googleapis.com/v1/operations/ZmFtaWx5LWNoYXQtYXBwLTQ4L3VzLWNlbnRyYWwxL3NlbmRQdXNoTm90aWZpY2F0aW9uL3V5RGVtRDVEeUdJ [none]
[debug] [2022-05-12T19:57:02.731Z] <<< [apiv2][status] GET https://cloudfunctions.googleapis.com/v1/operations/ZmFtaWx5LWNoYXQtYXBwLTQ4L3VzLWNlbnRyYWwxL3NlbmRQdXNoTm90aWZpY2F0aW9uL3V5RGVtRDVEeUdJ 200
[debug] [2022-05-12T19:57:02.732Z] <<< [apiv2][body] GET https://cloudfunctions.googleapis.com/v1/operations/ZmFtaWx5LWNoYXQtYXBwLTQ4L3VzLWNlbnRyYWwxL3NlbmRQdXNoTm90aWZpY2F0aW9uL3V5RGVtRDVEeUdJ {"name":"operations/ZmFtaWx5LWNoYXQtYXBwLTQ4L3VzLWNlbnRyYWwxL3NlbmRQdXNoTm90aWZpY2F0aW9uL3V5RGVtRDVEeUdJ","metadata":{"@type":"type.googleapis.com/google.cloud.functions.v1.OperationMetadataV1","target":"projects/family-chat-app-48/locations/us-central1/functions/sendPushNotification","type":"CREATE_FUNCTION","request":{"@type":"type.googleapis.com/google.cloud.functions.v1.CloudFunction","name":"projects/family-chat-app-48/locations/us-central1/functions/sendPushNotification","httpsTrigger":{"securityLevel":"SECURE_ALWAYS"},"entryPoint":"sendPushNotification","labels":{"deployment-tool":"cli-firebase"},"sourceUploadUrl":"https://storage.googleapis.com/uploads-476107493131.us-central1.cloudfunctions.appspot.com/7f59d5df-ed2d-430f-8981-48b9e7de1839.zip?GoogleAccessId=service-405199979051@gcf-admin-robot.iam.gserviceaccount.com&Expires=1652387153&Signature=PuTTd0irzIHIsHBfw5wCISxXu7RAjst0Z6caUeRs7%2B0RlyP6oxFdEyLMYieCL5EArmK7o9lAwa6LZK%2FtCj9%2FqDZj%2BejXW30vxd%2FBg9av5c4UEeeq5EylRpFn9KGFdpy7MzI0CubrPtkKGVNzO3lB%2FQqnM8BPPxh%2FWOaxIXw7Xs942FvSuNUCajvv4bJGxR4W1a3w%2Bwbxnz6toEmyvtZsz7Et0oLvieP0N3iV9EwaN%2Bc1fy1XysDxF%2BdhHedLE7bMfrALcsYZ9AlyH%2FaZZGxnvqSL%2BMYj%2Bpp0lhX4IhV4FErn71uO8lUAyfIs5JqykUEpRlW7vaB%2F3pGHfphRhxzbkQ%3D%3D","environmentVariables":{"FIREBASE_CONFIG":"{\"projectId\":\"family-chat-app-48\",\"storageBucket\":\"family-chat-app-48.appspot.com\",\"locationId\":\"us-east1\"}","GCLOUD_PROJECT":"family-chat-app-48"},"runtime":"nodejs16"},"versionId":"1","updateTime":"2022-05-12T19:55:54Z","buildId":"6b1f8183-a697-48ca-9d4d-bed9c45772ff","buildName":"projects/405199979051/locations/us-central1/builds/6b1f8183-a697-48ca-9d4d-bed9c45772ff"}}
[debug] [2022-05-12T19:57:12.733Z] [create-default-us-central1-sendPushNotification] Retrying task index 0
[debug] [2022-05-12T19:57:12.734Z] >>> [apiv2][query] GET https://cloudfunctions.googleapis.com/v1/operations/ZmFtaWx5LWNoYXQtYXBwLTQ4L3VzLWNlbnRyYWwxL3NlbmRQdXNoTm90aWZpY2F0aW9uL3V5RGVtRDVEeUdJ [none]
[debug] [2022-05-12T19:57:12.995Z] <<< [apiv2][status] GET https://cloudfunctions.googleapis.com/v1/operations/ZmFtaWx5LWNoYXQtYXBwLTQ4L3VzLWNlbnRyYWwxL3NlbmRQdXNoTm90aWZpY2F0aW9uL3V5RGVtRDVEeUdJ 200
[debug] [2022-05-12T19:57:12.995Z] <<< [apiv2][body] GET https://cloudfunctions.googleapis.com/v1/operations/ZmFtaWx5LWNoYXQtYXBwLTQ4L3VzLWNlbnRyYWwxL3NlbmRQdXNoTm90aWZpY2F0aW9uL3V5RGVtRDVEeUdJ {"name":"operations/ZmFtaWx5LWNoYXQtYXBwLTQ4L3VzLWNlbnRyYWwxL3NlbmRQdXNoTm90aWZpY2F0aW9uL3V5RGVtRDVEeUdJ","metadata":{"@type":"type.googleapis.com/google.cloud.functions.v1.OperationMetadataV1","target":"projects/family-chat-app-48/locations/us-central1/functions/sendPushNotification","type":"CREATE_FUNCTION","request":{"@type":"type.googleapis.com/google.cloud.functions.v1.CloudFunction","name":"projects/family-chat-app-48/locations/us-central1/functions/sendPushNotification","httpsTrigger":{"securityLevel":"SECURE_ALWAYS"},"entryPoint":"sendPushNotification","labels":{"deployment-tool":"cli-firebase"},"sourceUploadUrl":"https://storage.googleapis.com/uploads-476107493131.us-central1.cloudfunctions.appspot.com/7f59d5df-ed2d-430f-8981-48b9e7de1839.zip?GoogleAccessId=service-405199979051@gcf-admin-robot.iam.gserviceaccount.com&Expires=1652387153&Signature=PuTTd0irzIHIsHBfw5wCISxXu7RAjst0Z6caUeRs7%2B0RlyP6oxFdEyLMYieCL5EArmK7o9lAwa6LZK%2FtCj9%2FqDZj%2BejXW30vxd%2FBg9av5c4UEeeq5EylRpFn9KGFdpy7MzI0CubrPtkKGVNzO3lB%2FQqnM8BPPxh%2FWOaxIXw7Xs942FvSuNUCajvv4bJGxR4W1a3w%2Bwbxnz6toEmyvtZsz7Et0oLvieP0N3iV9EwaN%2Bc1fy1XysDxF%2BdhHedLE7bMfrALcsYZ9AlyH%2FaZZGxnvqSL%2BMYj%2Bpp0lhX4IhV4FErn71uO8lUAyfIs5JqykUEpRlW7vaB%2F3pGHfphRhxzbkQ%3D%3D","environmentVariables":{"FIREBASE_CONFIG":"{\"projectId\":\"family-chat-app-48\",\"storageBucket\":\"family-chat-app-48.appspot.com\",\"locationId\":\"us-east1\"}","GCLOUD_PROJECT":"family-chat-app-48"},"runtime":"nodejs16"},"versionId":"1","updateTime":"2022-05-12T19:55:54Z","buildId":"6b1f8183-a697-48ca-9d4d-bed9c45772ff","buildName":"projects/405199979051/locations/us-central1/builds/6b1f8183-a697-48ca-9d4d-bed9c45772ff"}}
[debug] [2022-05-12T19:57:22.996Z] [create-default-us-central1-sendPushNotification] Retrying task index 0
[debug] [2022-05-12T19:57:22.996Z] >>> [apiv2][query] GET https://cloudfunctions.googleapis.com/v1/operations/ZmFtaWx5LWNoYXQtYXBwLTQ4L3VzLWNlbnRyYWwxL3NlbmRQdXNoTm90aWZpY2F0aW9uL3V5RGVtRDVEeUdJ [none]
[debug] [2022-05-12T19:57:23.249Z] <<< [apiv2][status] GET https://cloudfunctions.googleapis.com/v1/operations/ZmFtaWx5LWNoYXQtYXBwLTQ4L3VzLWNlbnRyYWwxL3NlbmRQdXNoTm90aWZpY2F0aW9uL3V5RGVtRDVEeUdJ 200
[debug] [2022-05-12T19:57:23.249Z] <<< [apiv2][body] GET https://cloudfunctions.googleapis.com/v1/operations/ZmFtaWx5LWNoYXQtYXBwLTQ4L3VzLWNlbnRyYWwxL3NlbmRQdXNoTm90aWZpY2F0aW9uL3V5RGVtRDVEeUdJ {"name":"operations/ZmFtaWx5LWNoYXQtYXBwLTQ4L3VzLWNlbnRyYWwxL3NlbmRQdXNoTm90aWZpY2F0aW9uL3V5RGVtRDVEeUdJ","metadata":{"@type":"type.googleapis.com/google.cloud.functions.v1.OperationMetadataV1","target":"projects/family-chat-app-48/locations/us-central1/functions/sendPushNotification","type":"CREATE_FUNCTION","request":{"@type":"type.googleapis.com/google.cloud.functions.v1.CloudFunction","name":"projects/family-chat-app-48/locations/us-central1/functions/sendPushNotification","httpsTrigger":{"securityLevel":"SECURE_ALWAYS"},"entryPoint":"sendPushNotification","labels":{"deployment-tool":"cli-firebase"},"sourceUploadUrl":"https://storage.googleapis.com/uploads-476107493131.us-central1.cloudfunctions.appspot.com/7f59d5df-ed2d-430f-8981-48b9e7de1839.zip?GoogleAccessId=service-405199979051@gcf-admin-robot.iam.gserviceaccount.com&Expires=1652387153&Signature=PuTTd0irzIHIsHBfw5wCISxXu7RAjst0Z6caUeRs7%2B0RlyP6oxFdEyLMYieCL5EArmK7o9lAwa6LZK%2FtCj9%2FqDZj%2BejXW30vxd%2FBg9av5c4UEeeq5EylRpFn9KGFdpy7MzI0CubrPtkKGVNzO3lB%2FQqnM8BPPxh%2FWOaxIXw7Xs942FvSuNUCajvv4bJGxR4W1a3w%2Bwbxnz6toEmyvtZsz7Et0oLvieP0N3iV9EwaN%2Bc1fy1XysDxF%2BdhHedLE7bMfrALcsYZ9AlyH%2FaZZGxnvqSL%2BMYj%2Bpp0lhX4IhV4FErn71uO8lUAyfIs5JqykUEpRlW7vaB%2F3pGHfphRhxzbkQ%3D%3D","environmentVariables":{"FIREBASE_CONFIG":"{\"projectId\":\"family-chat-app-48\",\"storageBucket\":\"family-chat-app-48.appspot.com\",\"locationId\":\"us-east1\"}","GCLOUD_PROJECT":"family-chat-app-48"},"runtime":"nodejs16"},"versionId":"1","updateTime":"2022-05-12T19:55:54Z","buildId":"6b1f8183-a697-48ca-9d4d-bed9c45772ff","sourceToken":"e7efe63d-d45b-4615-a237-f5988daa36d6","buildName":"projects/405199979051/locations/us-central1/builds/6b1f8183-a697-48ca-9d4d-bed9c45772ff"}}
[debug] [2022-05-12T19:57:23.249Z] Got source token e7efe63d-d45b-4615-a237-f5988daa36d6 for region us-central1
[debug] [2022-05-12T19:57:33.251Z] [create-default-us-central1-sendPushNotification] Retrying task index 0
[debug] [2022-05-12T19:57:33.252Z] >>> [apiv2][query] GET https://cloudfunctions.googleapis.com/v1/operations/ZmFtaWx5LWNoYXQtYXBwLTQ4L3VzLWNlbnRyYWwxL3NlbmRQdXNoTm90aWZpY2F0aW9uL3V5RGVtRDVEeUdJ [none]
[debug] [2022-05-12T19:57:33.467Z] <<< [apiv2][status] GET https://cloudfunctions.googleapis.com/v1/operations/ZmFtaWx5LWNoYXQtYXBwLTQ4L3VzLWNlbnRyYWwxL3NlbmRQdXNoTm90aWZpY2F0aW9uL3V5RGVtRDVEeUdJ 200
[debug] [2022-05-12T19:57:33.467Z] <<< [apiv2][body] GET https://cloudfunctions.googleapis.com/v1/operations/ZmFtaWx5LWNoYXQtYXBwLTQ4L3VzLWNlbnRyYWwxL3NlbmRQdXNoTm90aWZpY2F0aW9uL3V5RGVtRDVEeUdJ {"name":"operations/ZmFtaWx5LWNoYXQtYXBwLTQ4L3VzLWNlbnRyYWwxL3NlbmRQdXNoTm90aWZpY2F0aW9uL3V5RGVtRDVEeUdJ","metadata":{"@type":"type.googleapis.com/google.cloud.functions.v1.OperationMetadataV1","target":"projects/family-chat-app-48/locations/us-central1/functions/sendPushNotification","type":"CREATE_FUNCTION","request":{"@type":"type.googleapis.com/google.cloud.functions.v1.CloudFunction","name":"projects/family-chat-app-48/locations/us-central1/functions/sendPushNotification","httpsTrigger":{"securityLevel":"SECURE_ALWAYS"},"entryPoint":"sendPushNotification","labels":{"deployment-tool":"cli-firebase"},"sourceUploadUrl":"https://storage.googleapis.com/uploads-476107493131.us-central1.cloudfunctions.appspot.com/7f59d5df-ed2d-430f-8981-48b9e7de1839.zip?GoogleAccessId=service-405199979051@gcf-admin-robot.iam.gserviceaccount.com&Expires=1652387153&Signature=PuTTd0irzIHIsHBfw5wCISxXu7RAjst0Z6caUeRs7%2B0RlyP6oxFdEyLMYieCL5EArmK7o9lAwa6LZK%2FtCj9%2FqDZj%2BejXW30vxd%2FBg9av5c4UEeeq5EylRpFn9KGFdpy7MzI0CubrPtkKGVNzO3lB%2FQqnM8BPPxh%2FWOaxIXw7Xs942FvSuNUCajvv4bJGxR4W1a3w%2Bwbxnz6toEmyvtZsz7Et0oLvieP0N3iV9EwaN%2Bc1fy1XysDxF%2BdhHedLE7bMfrALcsYZ9AlyH%2FaZZGxnvqSL%2BMYj%2Bpp0lhX4IhV4FErn71uO8lUAyfIs5JqykUEpRlW7vaB%2F3pGHfphRhxzbkQ%3D%3D","environmentVariables":{"FIREBASE_CONFIG":"{\"projectId\":\"family-chat-app-48\",\"storageBucket\":\"family-chat-app-48.appspot.com\",\"locationId\":\"us-east1\"}","GCLOUD_PROJECT":"family-chat-app-48"},"runtime":"nodejs16"},"versionId":"1","updateTime":"2022-05-12T19:55:54Z","buildId":"6b1f8183-a697-48ca-9d4d-bed9c45772ff","sourceToken":"e7efe63d-d45b-4615-a237-f5988daa36d6","buildName":"projects/405199979051/locations/us-central1/builds/6b1f8183-a697-48ca-9d4d-bed9c45772ff"}}
[debug] [2022-05-12T19:57:33.467Z] Got source token e7efe63d-d45b-4615-a237-f5988daa36d6 for region us-central1
[debug] [2022-05-12T19:57:43.470Z] [create-default-us-central1-sendPushNotification] Retrying task index 0
[debug] [2022-05-12T19:57:43.471Z] >>> [apiv2][query] GET https://cloudfunctions.googleapis.com/v1/operations/ZmFtaWx5LWNoYXQtYXBwLTQ4L3VzLWNlbnRyYWwxL3NlbmRQdXNoTm90aWZpY2F0aW9uL3V5RGVtRDVEeUdJ [none]
[debug] [2022-05-12T19:57:43.695Z] <<< [apiv2][status] GET https://cloudfunctions.googleapis.com/v1/operations/ZmFtaWx5LWNoYXQtYXBwLTQ4L3VzLWNlbnRyYWwxL3NlbmRQdXNoTm90aWZpY2F0aW9uL3V5RGVtRDVEeUdJ 200
[debug] [2022-05-12T19:57:43.696Z] <<< [apiv2][body] GET https://cloudfunctions.googleapis.com/v1/operations/ZmFtaWx5LWNoYXQtYXBwLTQ4L3VzLWNlbnRyYWwxL3NlbmRQdXNoTm90aWZpY2F0aW9uL3V5RGVtRDVEeUdJ {"name":"operations/ZmFtaWx5LWNoYXQtYXBwLTQ4L3VzLWNlbnRyYWwxL3NlbmRQdXNoTm90aWZpY2F0aW9uL3V5RGVtRDVEeUdJ","metadata":{"@type":"type.googleapis.com/google.cloud.functions.v1.OperationMetadataV1","target":"projects/family-chat-app-48/locations/us-central1/functions/sendPushNotification","type":"CREATE_FUNCTION","request":{"@type":"type.googleapis.com/google.cloud.functions.v1.CloudFunction","name":"projects/family-chat-app-48/locations/us-central1/functions/sendPushNotification","httpsTrigger":{"securityLevel":"SECURE_ALWAYS"},"entryPoint":"sendPushNotification","labels":{"deployment-tool":"cli-firebase"},"sourceUploadUrl":"https://storage.googleapis.com/uploads-476107493131.us-central1.cloudfunctions.appspot.com/7f59d5df-ed2d-430f-8981-48b9e7de1839.zip?GoogleAccessId=service-405199979051@gcf-admin-robot.iam.gserviceaccount.com&Expires=1652387153&Signature=PuTTd0irzIHIsHBfw5wCISxXu7RAjst0Z6caUeRs7%2B0RlyP6oxFdEyLMYieCL5EArmK7o9lAwa6LZK%2FtCj9%2FqDZj%2BejXW30vxd%2FBg9av5c4UEeeq5EylRpFn9KGFdpy7MzI0CubrPtkKGVNzO3lB%2FQqnM8BPPxh%2FWOaxIXw7Xs942FvSuNUCajvv4bJGxR4W1a3w%2Bwbxnz6toEmyvtZsz7Et0oLvieP0N3iV9EwaN%2Bc1fy1XysDxF%2BdhHedLE7bMfrALcsYZ9AlyH%2FaZZGxnvqSL%2BMYj%2Bpp0lhX4IhV4FErn71uO8lUAyfIs5JqykUEpRlW7vaB%2F3pGHfphRhxzbkQ%3D%3D","environmentVariables":{"FIREBASE_CONFIG":"{\"projectId\":\"family-chat-app-48\",\"storageBucket\":\"family-chat-app-48.appspot.com\",\"locationId\":\"us-east1\"}","GCLOUD_PROJECT":"family-chat-app-48"},"runtime":"nodejs16"},"versionId":"1","updateTime":"2022-05-12T19:57:37Z","buildId":"6b1f8183-a697-48ca-9d4d-bed9c45772ff","sourceToken":"e7efe63d-d45b-4615-a237-f5988daa36d6","buildName":"projects/405199979051/locations/us-central1/builds/6b1f8183-a697-48ca-9d4d-bed9c45772ff"},"done":true,"error":{"code":3,"message":"Function failed on loading user code. This is likely due to a bug in the user code. Error message: Error: please examine your function logs to see the error cause: https://cloud.google.com/functions/docs/monitoring/logging#viewing_logs. Additional troubleshooting documentation can be found at https://cloud.google.com/functions/docs/troubleshooting#logging. Please visit https://cloud.google.com/functions/docs/troubleshooting for in-depth troubleshooting documentation."}}
[debug] [2022-05-12T19:57:43.696Z] Got source token e7efe63d-d45b-4615-a237-f5988daa36d6 for region us-central1
[error] Function failed on loading user code. This is likely due to a bug in the user code. Error message: Error: please examine your function logs to see the error cause: https://cloud.google.com/functions/docs/monitoring/logging#viewing_logs. Additional troubleshooting documentation can be found at https://cloud.google.com/functions/docs/troubleshooting#logging. Please visit https://cloud.google.com/functions/docs/troubleshooting for in-depth troubleshooting documentation.
[debug] [2022-05-12T19:57:43.707Z] Total Function Deployment time: 109551
[debug] [2022-05-12T19:57:43.707Z] 1 Functions Deployed
[debug] [2022-05-12T19:57:43.708Z] 1 Functions Errored
[debug] [2022-05-12T19:57:43.708Z] 0 Function Deployments Aborted
[debug] [2022-05-12T19:57:43.708Z] Average Function Deployment time: 109548
[info] 
[info] Functions deploy had errors with the following functions:
	sendPushNotification(us-central1)
[debug] [2022-05-12T19:57:43.778Z] Not printing URL for HTTPS function. Typically this means it didn't match a filter or we failed deployment
[info] i  functions: cleaning up build files... 
[debug] [2022-05-12T19:57:43.782Z] >>> [apiv2][query] GET https://us.gcr.io/v2/family-chat-app-48/gcf/us-central1/tags/list [none]
[debug] [2022-05-12T19:57:44.331Z] <<< [apiv2][status] GET https://us.gcr.io/v2/family-chat-app-48/gcf/us-central1/tags/list 200
[debug] [2022-05-12T19:57:44.332Z] <<< [apiv2][body] GET https://us.gcr.io/v2/family-chat-app-48/gcf/us-central1/tags/list {"child":["34388d0a-12c3-4f59-8969-e75fb172866e"],"manifest":{},"name":"family-chat-app-48/gcf/us-central1","tags":[]}
[debug] [2022-05-12T19:57:44.333Z] >>> [apiv2][query] GET https://us.gcr.io/v2/family-chat-app-48/gcf/us-central1/34388d0a-12c3-4f59-8969-e75fb172866e/tags/list [none]
[debug] [2022-05-12T19:57:44.737Z] <<< [apiv2][status] GET https://us.gcr.io/v2/family-chat-app-48/gcf/us-central1/34388d0a-12c3-4f59-8969-e75fb172866e/tags/list 200
[debug] [2022-05-12T19:57:44.737Z] <<< [apiv2][body] GET https://us.gcr.io/v2/family-chat-app-48/gcf/us-central1/34388d0a-12c3-4f59-8969-e75fb172866e/tags/list {"child":["cache"],"manifest":{"sha256:d05b975b5954646b088e950a18ef99db8d8c0fbed7a055a364db31c7593ae056":{"imageSizeBytes":"433749759","layerId":"","mediaType":"application/vnd.docker.distribution.manifest.v2+json","tag":["latest","sendPushNotification_version-1"],"timeCreatedMs":"315532801000","timeUploadedMs":"1652385413045"}},"name":"family-chat-app-48/gcf/us-central1/34388d0a-12c3-4f59-8969-e75fb172866e","tags":["latest","sendPushNotification_version-1"]}
[debug] [2022-05-12T19:57:44.738Z] >>> [apiv2][query] GET https://us.gcr.io/v2/family-chat-app-48/gcf/us-central1/34388d0a-12c3-4f59-8969-e75fb172866e/cache/tags/list [none]
[debug] [2022-05-12T19:57:44.738Z] >>> [apiv2][query] DELETE https://us.gcr.io/v2/family-chat-app-48/gcf/us-central1/34388d0a-12c3-4f59-8969-e75fb172866e/manifests/latest [none]
[debug] [2022-05-12T19:57:44.739Z] >>> [apiv2][query] DELETE https://us.gcr.io/v2/family-chat-app-48/gcf/us-central1/34388d0a-12c3-4f59-8969-e75fb172866e/manifests/sendPushNotification_version-1 [none]
[debug] [2022-05-12T19:57:45.152Z] <<< [apiv2][status] DELETE https://us.gcr.io/v2/family-chat-app-48/gcf/us-central1/34388d0a-12c3-4f59-8969-e75fb172866e/manifests/latest 202
[debug] [2022-05-12T19:57:45.152Z] <<< [apiv2][body] DELETE https://us.gcr.io/v2/family-chat-app-48/gcf/us-central1/34388d0a-12c3-4f59-8969-e75fb172866e/manifests/latest {"errors":[]}
[debug] [2022-05-12T19:57:45.153Z] <<< [apiv2][status] DELETE https://us.gcr.io/v2/family-chat-app-48/gcf/us-central1/34388d0a-12c3-4f59-8969-e75fb172866e/manifests/sendPushNotification_version-1 202
[debug] [2022-05-12T19:57:45.153Z] <<< [apiv2][body] DELETE https://us.gcr.io/v2/family-chat-app-48/gcf/us-central1/34388d0a-12c3-4f59-8969-e75fb172866e/manifests/sendPushNotification_version-1 {"errors":[]}
[debug] [2022-05-12T19:57:45.154Z] >>> [apiv2][query] DELETE https://us.gcr.io/v2/family-chat-app-48/gcf/us-central1/34388d0a-12c3-4f59-8969-e75fb172866e/manifests/sha256:d05b975b5954646b088e950a18ef99db8d8c0fbed7a055a364db31c7593ae056 [none]
[debug] [2022-05-12T19:57:45.156Z] <<< [apiv2][status] GET https://us.gcr.io/v2/family-chat-app-48/gcf/us-central1/34388d0a-12c3-4f59-8969-e75fb172866e/cache/tags/list 200
[debug] [2022-05-12T19:57:45.156Z] <<< [apiv2][body] GET https://us.gcr.io/v2/family-chat-app-48/gcf/us-central1/34388d0a-12c3-4f59-8969-e75fb172866e/cache/tags/list {"child":[],"manifest":{"sha256:875f4047ea1d36093c4b29838537136783ad32003aee1e5c4c57986135aade46":{"imageSizeBytes":"24596700","layerId":"","mediaType":"application/vnd.docker.distribution.manifest.v2+json","tag":["latest"],"timeCreatedMs":"315532801000","timeUploadedMs":"1652385413621"}},"name":"family-chat-app-48/gcf/us-central1/34388d0a-12c3-4f59-8969-e75fb172866e/cache","tags":["latest"]}
[debug] [2022-05-12T19:57:45.157Z] >>> [apiv2][query] DELETE https://us.gcr.io/v2/family-chat-app-48/gcf/us-central1/34388d0a-12c3-4f59-8969-e75fb172866e/cache/manifests/latest [none]
[debug] [2022-05-12T19:57:45.661Z] <<< [apiv2][status] DELETE https://us.gcr.io/v2/family-chat-app-48/gcf/us-central1/34388d0a-12c3-4f59-8969-e75fb172866e/cache/manifests/latest 202
[debug] [2022-05-12T19:57:45.661Z] <<< [apiv2][body] DELETE https://us.gcr.io/v2/family-chat-app-48/gcf/us-central1/34388d0a-12c3-4f59-8969-e75fb172866e/cache/manifests/latest {"errors":[]}
[debug] [2022-05-12T19:57:45.661Z] >>> [apiv2][query] DELETE https://us.gcr.io/v2/family-chat-app-48/gcf/us-central1/34388d0a-12c3-4f59-8969-e75fb172866e/cache/manifests/sha256:875f4047ea1d36093c4b29838537136783ad32003aee1e5c4c57986135aade46 [none]
[debug] [2022-05-12T19:57:46.478Z] <<< [apiv2][status] DELETE https://us.gcr.io/v2/family-chat-app-48/gcf/us-central1/34388d0a-12c3-4f59-8969-e75fb172866e/manifests/sha256:d05b975b5954646b088e950a18ef99db8d8c0fbed7a055a364db31c7593ae056 202
[debug] [2022-05-12T19:57:46.478Z] <<< [apiv2][body] DELETE https://us.gcr.io/v2/family-chat-app-48/gcf/us-central1/34388d0a-12c3-4f59-8969-e75fb172866e/manifests/sha256:d05b975b5954646b088e950a18ef99db8d8c0fbed7a055a364db31c7593ae056 {"errors":[]}
[debug] [2022-05-12T19:57:46.889Z] <<< [apiv2][status] DELETE https://us.gcr.io/v2/family-chat-app-48/gcf/us-central1/34388d0a-12c3-4f59-8969-e75fb172866e/cache/manifests/sha256:875f4047ea1d36093c4b29838537136783ad32003aee1e5c4c57986135aade46 202
[debug] [2022-05-12T19:57:46.889Z] <<< [apiv2][body] DELETE https://us.gcr.io/v2/family-chat-app-48/gcf/us-central1/34388d0a-12c3-4f59-8969-e75fb172866e/cache/manifests/sha256:875f4047ea1d36093c4b29838537136783ad32003aee1e5c4c57986135aade46 {"errors":[]}
[debug] [2022-05-12T19:57:46.955Z] Error: Failed to create function sendPushNotification in region us-central1
    at /usr/local/lib/node_modules/firebase-tools/lib/deploy/functions/release/fabricator.js:42:11
    at processTicksAndRejections (node:internal/process/task_queues:96:5)
    at async Fabricator.createV1Function (/usr/local/lib/node_modules/firebase-tools/lib/deploy/functions/release/fabricator.js:168:32)
    at async Fabricator.createEndpoint (/usr/local/lib/node_modules/firebase-tools/lib/deploy/functions/release/fabricator.js:119:13)
    at async handle (/usr/local/lib/node_modules/firebase-tools/lib/deploy/functions/release/fabricator.js:78:17)
[error] 
[error] Error: There was an error deploying functions
